<testsuite name="init_finalize" errors="0", failures="0" skipped="0" tests="190"><testcase classname="init_finalize" name="C_Initialize(0)"><testcase classname="init_finalize" name="C_Finalize(0)"><testcase classname="getinfo" name="C_Initialize(0)"><testcase classname="getinfo" name="C_GetInfo(0)"><testcase classname="getinfo" name="C_GetInfo(&info)"><testcase classname="getinfo" name="info.cryptokiVersion.major == 2"><testcase classname="getinfo" name="nullCount == expect"><testcase classname="getinfo" name="nullCount == expect"><testcase classname="getinfo" name="C_Finalize(0)"><testcase classname="slotlist" name="C_GetSlotList(0, 0, &count)"><testcase classname="slotlist" name="C_Initialize(0)"><testcase classname="slotlist" name="C_GetSlotList(0, 0, 0)"><testcase classname="slotlist" name="C_GetSlotList(0, 0, &count)"><testcase classname="slotlist" name="C_GetSlotList(0, list, &count)"><testcase classname="slotlist" name="C_GetSlotList(0, list, &count)"><testcase classname="slotlist" name="list[i] != 0xdeadbeef"><testcase classname="slotlist" name="list[i] != 0xdeadbeef"><testcase classname="slotlist" name="list[i] != 0xdeadbeef"><testcase classname="slotlist" name="C_Finalize(0)"><testcase classname="slotinfo" name="C_GetSlotInfo(slot, &info)"><testcase classname="slotinfo" name="C_Initialize(0)"><testcase classname="slotinfo" name="C_GetSlotInfo(slot, 0)"><testcase classname="slotinfo" name="C_GetSlotList(0, 0, &count)"><testcase classname="slotinfo" name="C_GetSlotList(with_token, 0, &count)"><testcase classname="slotinfo" name="C_GetSlotList(with_token, list, &count)"><testcase classname="slotinfo" name="(count > 0 && list != NULL) || (count == 0 && list == NULL)"><testcase classname="slotinfo" name="C_Finalize(0)"><testcase classname="tkinfo" name="C_GetTokenInfo(slot, &info)"><testcase classname="tkinfo" name="C_Initialize(0)"><testcase classname="tkinfo" name="C_GetTokenInfo(slot, 0)"><testcase classname="tkinfo" name="C_GetSlotList(0, 0, &count)"><testcase classname="tkinfo" name="C_GetSlotList(with_token, 0, &count)"><testcase classname="tkinfo" name="C_GetSlotList(with_token, list, &count)"><testcase classname="tkinfo" name="(count > 0 && list != NULL) || (count == 0 && list == NULL)"><testcase classname="tkinfo" name="C_Finalize(0)"><testcase classname="double_init" name="C_Initialize(0)"><testcase classname="double_init" name="C_Initialize(0)"><testcase classname="double_init" name="C_Finalize(0)"><testcase classname="mechlist" name="C_GetMechanismList(0, 0, &count)"><testcase classname="mechlist" name="C_Initialize(0)"><testcase classname="mechlist" name="C_GetSlotList(0, 0, &count)"><testcase classname="mechlist" name="C_GetSlotList(with_token, 0, &count)"><testcase classname="mechlist" name="C_GetSlotList(with_token, list, &count)"><testcase classname="mechlist" name="(count > 0 && list != NULL) || (count == 0 && list == NULL)"><testcase classname="mechlist" name="C_Finalize(0)"><testcase classname="mechinfo" name="C_GetMechanismInfo(slot, 0, &info)"><testcase classname="mechinfo" name="C_Initialize(0)"><testcase classname="mechinfo" name="C_GetSlotList(0, 0, &count)"><testcase classname="mechinfo" name="C_GetSlotList(with_token, 0, &count)"><testcase classname="mechinfo" name="C_GetSlotList(with_token, list, &count)"><testcase classname="mechinfo" name="(count > 0 && list != NULL) || (count == 0 && list == NULL)"><testcase classname="mechinfo" name="C_Finalize(0)"><testcase classname="sessions" name="C_OpenSession(slot, 0, 0, 0, &handle)"><testcase classname="sessions" name="C_Initialize(0)"><testcase classname="sessions" name="C_OpenSession(slot, 0x00000004UL, 0, 0, &handle)"><testcase classname="sessions" name="C_GetSlotList(0, 0, &count)"><testcase classname="sessions" name="C_GetSlotList(with_token, 0, &count)"><testcase classname="sessions" name="C_GetSlotList(with_token, list, &count)"><testcase classname="sessions" name="(count > 0 && list != NULL) || (count == 0 && list == NULL)"><testcase classname="sessions" name="C_Finalize(0)"><testcase classname="sessioninfo" name="C_Initialize(0)"><testcase classname="sessioninfo" name="C_GetSlotList(0, 0, &count)"><testcase classname="sessioninfo" name="C_GetSlotList(with_token, 0, &count)"><testcase classname="sessioninfo" name="C_GetSlotList(with_token, list, &count)"><testcase classname="sessioninfo" name="(count > 0 && list != NULL) || (count == 0 && list == NULL)"><testcase classname="sessioninfo" name="C_Finalize(0)"><testcase classname="slogin" name="C_Login(handle, 1UL, 0, 0)"><testcase classname="slogin" name="C_Logout(handle)"><testcase classname="slogin" name="C_Initialize(0)"><testcase classname="slogin" name="C_GetSlotList(0, 0, &count)"><testcase classname="slogin" name="C_GetSlotList(with_token, 0, &count)"><testcase classname="slogin" name="C_GetSlotList(with_token, list, &count)"><testcase classname="slogin" name="(count > 0 && list != NULL) || (count == 0 && list == NULL)"><testcase classname="slogin" name="C_Finalize(0)"><testcase classname="sbadlogin" name="C_Login(handle, 1UL, 0, 0)"><testcase classname="sbadlogin" name="C_Logout(handle)"><testcase classname="sbadlogin" name="C_Initialize(0)"><testcase classname="sbadlogin" name="C_GetSlotList(0, 0, &count)"><testcase classname="sbadlogin" name="C_GetSlotList(with_token, 0, &count)"><testcase classname="sbadlogin" name="C_GetSlotList(with_token, list, &count)"><testcase classname="sbadlogin" name="(count > 0 && list != NULL) || (count == 0 && list == NULL)"><testcase classname="sbadlogin" name="C_Finalize(0)"><testcase classname="nonsensible" name="C_Initialize(0)"><testcase classname="nonsensible" name="C_InitToken(slot, (CK_UTF8CHAR_PTR)"1111", 4, (CK_UTF8CHAR_PTR)"")"><testcase classname="nonsensible" name="C_InitPIN(slot, (CK_UTF8CHAR_PTR)"1111", 4)"><testcase classname="nonsensible" name="C_CreateObject(session, 0, 0, &object)"><testcase classname="nonsensible" name="C_CopyObject(session, object, 0, 0, &object)"><testcase classname="nonsensible" name="C_DestroyObject(session, object)"><testcase classname="nonsensible" name="C_GetObjectSize(session, object, &data)"><testcase classname="nonsensible" name="C_EncryptInit(session, &mech, object)"><testcase classname="nonsensible" name="C_Encrypt(session, 0, 0, 0, &data)"><testcase classname="nonsensible" name="C_EncryptUpdate(session, 0, 0, 0, &data)"><testcase classname="nonsensible" name="C_EncryptFinal(session, 0, 0)"><testcase classname="nonsensible" name="C_DecryptInit(session, &mech, object)"><testcase classname="nonsensible" name="C_Decrypt(session, 0, 0, 0, &data)"><testcase classname="nonsensible" name="C_DecryptUpdate(session, 0, 0, 0, &data)"><testcase classname="nonsensible" name="C_DecryptFinal(session, 0, 0)"><testcase classname="nonsensible" name="C_DigestEncryptUpdate(session, 0, 0, 0, &data)"><testcase classname="nonsensible" name="C_DecryptDigestUpdate(session, 0, 0, 0, &data)"><testcase classname="nonsensible" name="C_SignEncryptUpdate(session, 0, 0, 0, &data)"><testcase classname="nonsensible" name="C_DecryptVerifyUpdate(session, 0, 0, 0, &data)"><testcase classname="nonsensible" name="C_GetOperationState(session, 0, &data)"><testcase classname="nonsensible" name="C_SetOperationState(session, 0, data, 0, 0)"><testcase classname="nonsensible" name="C_SetAttributeValue(session, object, &attr, 1)"><testcase classname="nonsensible" name="C_GenerateKey(session, &mech, &attr, 1, &object)"><testcase classname="nonsensible" name="C_GenerateKeyPair(session, &mech, &attr, 1, &attr, 1, &object, &object)"><testcase classname="nonsensible" name="C_WrapKey(session, &mech, object, object, 0, &data)"><testcase classname="nonsensible" name="C_UnwrapKey(session, &mech, object, 0, data, &attr, data, &object)"><testcase classname="nonsensible" name="C_DeriveKey(session, &mech, object, &attr, data, &object)"><testcase classname="nonsensible" name="C_SeedRandom(session, 0, data)"><testcase classname="nonsensible" name="C_GenerateRandom(session, 0, data)"><testcase classname="nonsensible" name="C_GetFunctionStatus(session)"><testcase classname="nonsensible" name="C_CancelFunction(session)"><testcase classname="nonsensible" name="C_DigestKey(session, object)"><testcase classname="nonsensible" name="C_SignRecoverInit(session, &mech, object)"><testcase classname="nonsensible" name="C_SignRecover(session, 0, data, 0, &data)"><testcase classname="nonsensible" name="C_VerifyInit(session, &mech, object)"><testcase classname="nonsensible" name="C_Verify(session, 0, data, 0, data)"><testcase classname="nonsensible" name="C_VerifyUpdate(session, 0, data)"><testcase classname="nonsensible" name="C_VerifyFinal(session, 0, data)"><testcase classname="nonsensible" name="C_VerifyRecoverInit(session, &mech, object)"><testcase classname="nonsensible" name="C_VerifyRecover(session, 0, data, 0, &data)"><testcase classname="nonsensible" name="C_Finalize(0)"><testcase classname="objects" name="C_Initialize(0)"><testcase classname="objects" name="C_GetSlotList(0, 0, &count)"><testcase classname="objects" name="C_GetSlotList(with_token, 0, &count)"><testcase classname="objects" name="C_GetSlotList(with_token, list, &count)"><testcase classname="objects" name="(count > 0 && list != NULL) || (count == 0 && list == NULL)"><testcase classname="objects" name="C_Finalize(0)"><testcase classname="readdata" name="C_Initialize(0)"><testcase classname="readdata" name="C_GetSlotList(0, 0, &count)"><testcase classname="readdata" name="C_GetSlotList(with_token, 0, &count)"><testcase classname="readdata" name="C_GetSlotList(with_token, list, &count)"><testcase classname="readdata" name="(count > 0 && list != NULL) || (count == 0 && list == NULL)"><testcase classname="readdata" name="C_Finalize(0)"><testcase classname="readdata_limited" name="C_Initialize(0)"><testcase classname="readdata_limited" name="C_GetSlotList(0, 0, &count)"><testcase classname="readdata_limited" name="C_GetSlotList(with_token, 0, &count)"><testcase classname="readdata_limited" name="C_GetSlotList(with_token, list, &count)"><testcase classname="readdata_limited" name="(count > 0 && list != NULL) || (count == 0 && list == NULL)"><testcase classname="readdata_limited" name="C_Finalize(0)"><testcase classname="readdata_sequence" name="C_Initialize(0)"><testcase classname="readdata_sequence" name="C_GetSlotList(0, 0, &count)"><testcase classname="readdata_sequence" name="C_GetSlotList(with_token, 0, &count)"><testcase classname="readdata_sequence" name="C_GetSlotList(with_token, list, &count)"><testcase classname="readdata_sequence" name="(count > 0 && list != NULL) || (count == 0 && list == NULL)"><testcase classname="readdata_sequence" name="C_Finalize(0)"><testcase classname="digest" name="C_Initialize(0)"><testcase classname="digest" name="C_GetSlotList(0, 0, &count)"><testcase classname="digest" name="C_GetSlotList(with_token, 0, &count)"><testcase classname="digest" name="C_GetSlotList(with_token, list, &count)"><testcase classname="digest" name="(count > 0 && list != NULL) || (count == 0 && list == NULL)"><testcase classname="digest" name="C_Finalize(0)"><testcase classname="ordering" name="C_DigestInit(session, &mech)"><testcase classname="ordering" name="C_Digest(session, data, sizeof(data), result, &len)"><testcase classname="ordering" name="C_DigestUpdate(session, data, sizeof(data))"><testcase classname="ordering" name="C_DigestFinal(session, result, &len)"><testcase classname="ordering" name="C_SignInit(session, &mech, obj)"><testcase classname="ordering" name="C_Sign(session, data, sizeof(data), result, &len)"><testcase classname="ordering" name="C_SignUpdate(session, data, sizeof(data))"><testcase classname="ordering" name="C_SignFinal(session, result, &len)"><testcase classname="ordering" name="C_FindObjectsInit(session, &attr, 1)"><testcase classname="ordering" name="C_FindObjects(session, &obj, 1, &len)"><testcase classname="ordering" name="C_GetAttributeValue(session, obj, &attr, 1)"><testcase classname="ordering" name="C_FindObjectsFinal(session)"><testcase classname="ordering" name="C_Initialize(0)"><testcase classname="ordering" name="C_DigestInit(session, &mech)"><testcase classname="ordering" name="C_Digest(session, data, sizeof(data), result, &len)"><testcase classname="ordering" name="C_DigestUpdate(session, data, sizeof(data))"><testcase classname="ordering" name="C_DigestFinal(session, result, &len)"><testcase classname="ordering" name="C_SignInit(session, &mech, obj)"><testcase classname="ordering" name="C_Sign(session, data, sizeof(data), result, &len)"><testcase classname="ordering" name="C_SignUpdate(session, data, sizeof(data))"><testcase classname="ordering" name="C_SignFinal(session, result, &len)"><testcase classname="ordering" name="C_FindObjectsInit(session, &attr, 1)"><testcase classname="ordering" name="C_FindObjects(session, &obj, 1, &len)"><testcase classname="ordering" name="C_GetAttributeValue(session, obj, &attr, 1)"><testcase classname="ordering" name="C_FindObjectsFinal(session)"><testcase classname="ordering" name="C_GetSlotList(0, 0, &count)"><testcase classname="ordering" name="C_GetSlotList(with_token, 0, &count)"><testcase classname="ordering" name="C_GetSlotList(with_token, list, &count)"><testcase classname="ordering" name="(count > 0 && list != NULL) || (count == 0 && list == NULL)"><testcase classname="ordering" name="C_Finalize(0)"><testcase classname="wrong_init" name="C_Initialize(&args)"><testcase classname="wrong_init" name="C_Initialize(&args)"><testcase classname="wrong_init" name="C_Finalize(0)"><testcase classname="wrong_init" name="C_Initialize(0)"><testcase classname="wrong_init" name="C_Finalize((CK_VOID_PTR)0xdeadbeaf)"><testcase classname="wrong_init" name="C_Finalize(0)"><testcase classname="wrong_init" name="C_Finalize(0)"></testsuite><testsuite name="init_finalize" errors="0", failures="0" skipped="0" tests="653"><testcase classname="init_finalize" name="C_Initialize(0)"><testcase classname="init_finalize" name="C_Finalize(0)"><testcase classname="getinfo" name="C_Initialize(0)"><testcase classname="getinfo" name="C_GetInfo(0)"><testcase classname="getinfo" name="C_GetInfo(&info)"><testcase classname="getinfo" name="info.cryptokiVersion.major == 2"><testcase classname="getinfo" name="nullCount == expect"><testcase classname="getinfo" name="nullCount == expect"><testcase classname="getinfo" name="C_Finalize(0)"><testcase classname="slotlist" name="C_GetSlotList(0, 0, &count)"><testcase classname="slotlist" name="C_Initialize(0)"><testcase classname="slotlist" name="C_GetSlotList(0, 0, 0)"><testcase classname="slotlist" name="C_GetSlotList(0, 0, &count)"><testcase classname="slotlist" name="C_GetSlotList(0, list, &count)"><testcase classname="slotlist" name="C_GetSlotList(0, list, &count)"><testcase classname="slotlist" name="list[i] != 0xdeadbeef"><testcase classname="slotlist" name="list[i] != 0xdeadbeef"><testcase classname="slotlist" name="list[i] != 0xdeadbeef"><testcase classname="slotlist" name="list[i] != 0xdeadbeef"><testcase classname="slotlist" name="C_Finalize(0)"><testcase classname="slotinfo" name="C_GetSlotInfo(slot, &info)"><testcase classname="slotinfo" name="C_Initialize(0)"><testcase classname="slotinfo" name="C_GetSlotInfo(slot, 0)"><testcase classname="slotinfo" name="C_GetSlotList(0, 0, &count)"><testcase classname="slotinfo" name="C_GetSlotList(with_token, 0, &count)"><testcase classname="slotinfo" name="C_GetSlotList(with_token, list, &count)"><testcase classname="slotinfo" name="(count > 0 && list != NULL) || (count == 0 && list == NULL)"><testcase classname="slotinfo" name=""C_OpenSession""><testcase classname="slotinfo" name="C_GetSlotInfo(slot+30, &info)"><testcase classname="slotinfo" name="C_GetSlotInfo(slot, &info)"><testcase classname="slotinfo" name="nullCount == expect"><testcase classname="slotinfo" name="nullCount == expect"><testcase classname="slotinfo" name="C_Finalize(0)"><testcase classname="tkinfo" name="C_GetTokenInfo(slot, &info)"><testcase classname="tkinfo" name="C_Initialize(0)"><testcase classname="tkinfo" name="C_GetTokenInfo(slot, 0)"><testcase classname="tkinfo" name="C_GetSlotList(0, 0, &count)"><testcase classname="tkinfo" name="C_GetSlotList(with_token, 0, &count)"><testcase classname="tkinfo" name="C_GetSlotList(with_token, list, &count)"><testcase classname="tkinfo" name="(count > 0 && list != NULL) || (count == 0 && list == NULL)"><testcase classname="tkinfo" name=""C_OpenSession""><testcase classname="tkinfo" name="C_GetTokenInfo(slot, &info)"><testcase classname="tkinfo" name="nullCount == expect"><testcase classname="tkinfo" name="nullCount == expect"><testcase classname="tkinfo" name="nullCount == expect"><testcase classname="tkinfo" name="info.ulTotalPublicMemory == CK_UNAVAILABLE_INFORMATION"><testcase classname="tkinfo" name="info.ulFreePublicMemory == CK_UNAVAILABLE_INFORMATION"><testcase classname="tkinfo" name="info.ulTotalPrivateMemory == CK_UNAVAILABLE_INFORMATION"><testcase classname="tkinfo" name="info.ulFreePrivateMemory == CK_UNAVAILABLE_INFORMATION"><testcase classname="tkinfo" name="!(info.flags & CKF_RNG)"><testcase classname="tkinfo" name="info.flags & CKF_WRITE_PROTECTED"><testcase classname="tkinfo" name="!(info.flags & CKF_LOGIN_REQUIRED)"><testcase classname="tkinfo" name="!(info.flags & CKF_RESTORE_KEY_NOT_NEEDED)"><testcase classname="tkinfo" name="!(info.flags & CKF_CLOCK_ON_TOKEN)"><testcase classname="tkinfo" name="!(info.flags & CKF_DUAL_CRYPTO_OPERATIONS)"><testcase classname="tkinfo" name="info.flags & CKF_TOKEN_INITIALIZED"><testcase classname="tkinfo" name="!(info.flags & CKF_SECONDARY_AUTHENTICATION)"><testcase classname="tkinfo" name="C_GetTokenInfo(slot+30, &info)"><testcase classname="tkinfo" name="C_Finalize(0)"><testcase classname="double_init" name="C_Initialize(0)"><testcase classname="double_init" name="C_Initialize(0)"><testcase classname="double_init" name="C_Finalize(0)"><testcase classname="mechlist" name="C_GetMechanismList(0, 0, &count)"><testcase classname="mechlist" name="C_Initialize(0)"><testcase classname="mechlist" name="C_GetSlotList(0, 0, &count)"><testcase classname="mechlist" name="C_GetSlotList(with_token, 0, &count)"><testcase classname="mechlist" name="C_GetSlotList(with_token, list, &count)"><testcase classname="mechlist" name="(count > 0 && list != NULL) || (count == 0 && list == NULL)"><testcase classname="mechlist" name=""C_OpenSession""><testcase classname="mechlist" name="C_GetMechanismList(slot, 0, &count)"><testcase classname="mechlist" name="C_GetMechanismList(slot, mechlist, &count)"><testcase classname="mechlist" name="C_GetMechanismList(slot, mechlist, &temp)"><testcase classname="mechlist" name="C_GetMechanismList(slot, mechlist, &temp)"><testcase classname="mechlist" name="C_GetMechanismList(slot, mechlist, &temp)"><testcase classname="mechlist" name="C_GetMechanismList(slot, mechlist, &temp)"><testcase classname="mechlist" name="C_GetMechanismList(slot, mechlist, &temp)"><testcase classname="mechlist" name="C_GetMechanismList(slot, mechlist, &temp)"><testcase classname="mechlist" name="C_GetMechanismList(slot, mechlist, &temp)"><testcase classname="mechlist" name="C_GetMechanismList(slot, mechlist, &temp)"><testcase classname="mechlist" name="C_GetMechanismList(slot, mechlist, &temp)"><testcase classname="mechlist" name="C_GetMechanismList(slot, mechlist, &temp)"><testcase classname="mechlist" name="C_GetMechanismList(slot, mechlist, &temp)"><testcase classname="mechlist" name="C_GetMechanismList(slot, mechlist, &temp)"><testcase classname="mechlist" name="C_GetMechanismList(slot, mechlist, &temp)"><testcase classname="mechlist" name="C_GetMechanismList(slot, mechlist, &temp)"><testcase classname="mechlist" name="C_GetMechanismList(slot, mechlist, &temp)"><testcase classname="mechlist" name="count == known_mechs"><testcase classname="mechlist" name="rsa_mechs == 7 || rsa_mechs == 8 || ecdsa_mechs == 4"><testcase classname="mechlist" name="C_GetMechanismList(slot+30, mechlist, &count)"><testcase classname="mechlist" name="C_Finalize(0)"><testcase classname="mechinfo" name="C_GetMechanismInfo(slot, 0, &info)"><testcase classname="mechinfo" name="C_Initialize(0)"><testcase classname="mechinfo" name="C_GetSlotList(0, 0, &count)"><testcase classname="mechinfo" name="C_GetSlotList(with_token, 0, &count)"><testcase classname="mechinfo" name="C_GetSlotList(with_token, list, &count)"><testcase classname="mechinfo" name="(count > 0 && list != NULL) || (count == 0 && list == NULL)"><testcase classname="mechinfo" name=""C_OpenSession""><testcase classname="mechinfo" name="C_GetMechanismList(slot, 0, &count)"><testcase classname="mechinfo" name="C_GetMechanismList(slot, mechlist, &count)"><testcase classname="mechinfo" name="C_GetMechanismInfo(slot, mechlist[1], 0)"><testcase classname="mechinfo" name="C_GetMechanismInfo(slot, 0, &info)"><testcase classname="mechinfo" name="C_GetMechanismInfo(slot, 0xdeadbeef, &info)"><testcase classname="mechinfo" name="C_GetMechanismInfo(slot, mechlist[i], &info)"><testcase classname="mechinfo" name="info.ulMinKeySize != 0xdeadbeef"><testcase classname="mechinfo" name="info.ulMaxKeySize != 0xdeadbeef"><testcase classname="mechinfo" name="info.flags != 0xdeadbeef"><testcase classname="mechinfo" name="info.ulMinKeySize == info.ulMaxKeySize"><testcase classname="mechinfo" name="C_GetMechanismInfo(slot, mechlist[i], &info)"><testcase classname="mechinfo" name="info.ulMinKeySize != 0xdeadbeef"><testcase classname="mechinfo" name="info.ulMaxKeySize != 0xdeadbeef"><testcase classname="mechinfo" name="info.flags != 0xdeadbeef"><testcase classname="mechinfo" name="info.ulMinKeySize == info.ulMaxKeySize"><testcase classname="mechinfo" name="C_GetMechanismInfo(slot, mechlist[i], &info)"><testcase classname="mechinfo" name="info.ulMinKeySize != 0xdeadbeef"><testcase classname="mechinfo" name="info.ulMaxKeySize != 0xdeadbeef"><testcase classname="mechinfo" name="info.flags != 0xdeadbeef"><testcase classname="mechinfo" name="info.ulMinKeySize == info.ulMaxKeySize"><testcase classname="mechinfo" name="C_GetMechanismInfo(slot, mechlist[i], &info)"><testcase classname="mechinfo" name="info.ulMinKeySize != 0xdeadbeef"><testcase classname="mechinfo" name="info.ulMaxKeySize != 0xdeadbeef"><testcase classname="mechinfo" name="info.flags != 0xdeadbeef"><testcase classname="mechinfo" name="info.ulMinKeySize == info.ulMaxKeySize"><testcase classname="mechinfo" name="C_GetMechanismInfo(slot, mechlist[i], &info)"><testcase classname="mechinfo" name="info.ulMinKeySize != 0xdeadbeef"><testcase classname="mechinfo" name="info.ulMaxKeySize != 0xdeadbeef"><testcase classname="mechinfo" name="info.flags != 0xdeadbeef"><testcase classname="mechinfo" name="info.ulMinKeySize == info.ulMaxKeySize"><testcase classname="mechinfo" name="C_GetMechanismInfo(slot, mechlist[i], &info)"><testcase classname="mechinfo" name="info.ulMinKeySize != 0xdeadbeef"><testcase classname="mechinfo" name="info.ulMaxKeySize != 0xdeadbeef"><testcase classname="mechinfo" name="info.flags != 0xdeadbeef"><testcase classname="mechinfo" name="info.ulMinKeySize == info.ulMaxKeySize"><testcase classname="mechinfo" name="C_GetMechanismInfo(slot, mechlist[i], &info)"><testcase classname="mechinfo" name="info.ulMinKeySize != 0xdeadbeef"><testcase classname="mechinfo" name="info.ulMaxKeySize != 0xdeadbeef"><testcase classname="mechinfo" name="info.flags != 0xdeadbeef"><testcase classname="mechinfo" name="info.ulMinKeySize == info.ulMaxKeySize"><testcase classname="mechinfo" name="info.ulMaxKeySize == 2048"><testcase classname="mechinfo" name="info.flags & CKF_HW"><testcase classname="mechinfo" name="info.flags & CKF_SIGN"><testcase classname="mechinfo" name="(info.flags & ~CKF_HW & ~CKF_SIGN) == 0"><testcase classname="mechinfo" name="C_GetMechanismInfo(slot, mechlist[i], &info)"><testcase classname="mechinfo" name="info.ulMinKeySize != 0xdeadbeef"><testcase classname="mechinfo" name="info.ulMaxKeySize != 0xdeadbeef"><testcase classname="mechinfo" name="info.flags != 0xdeadbeef"><testcase classname="mechinfo" name="info.ulMinKeySize == info.ulMaxKeySize"><testcase classname="mechinfo" name="C_GetMechanismInfo(slot, mechlist[i], &info)"><testcase classname="mechinfo" name="info.ulMinKeySize != 0xdeadbeef"><testcase classname="mechinfo" name="info.ulMaxKeySize != 0xdeadbeef"><testcase classname="mechinfo" name="info.flags != 0xdeadbeef"><testcase classname="mechinfo" name="info.ulMinKeySize == info.ulMaxKeySize"><testcase classname="mechinfo" name="C_GetMechanismInfo(slot, mechlist[i], &info)"><testcase classname="mechinfo" name="info.ulMinKeySize != 0xdeadbeef"><testcase classname="mechinfo" name="info.ulMaxKeySize != 0xdeadbeef"><testcase classname="mechinfo" name="info.flags != 0xdeadbeef"><testcase classname="mechinfo" name="info.ulMinKeySize == info.ulMaxKeySize"><testcase classname="mechinfo" name="C_GetMechanismInfo(slot, mechlist[i], &info)"><testcase classname="mechinfo" name="info.ulMinKeySize != 0xdeadbeef"><testcase classname="mechinfo" name="info.ulMaxKeySize != 0xdeadbeef"><testcase classname="mechinfo" name="info.flags != 0xdeadbeef"><testcase classname="mechinfo" name="info.ulMinKeySize == info.ulMaxKeySize"><testcase classname="mechinfo" name="C_GetMechanismInfo(slot, mechlist[i], &info)"><testcase classname="mechinfo" name="info.ulMinKeySize != 0xdeadbeef"><testcase classname="mechinfo" name="info.ulMaxKeySize != 0xdeadbeef"><testcase classname="mechinfo" name="info.flags != 0xdeadbeef"><testcase classname="mechinfo" name="info.ulMinKeySize == info.ulMaxKeySize"><testcase classname="mechinfo" name="C_GetMechanismInfo(slot, mechlist[i], &info)"><testcase classname="mechinfo" name="info.ulMinKeySize != 0xdeadbeef"><testcase classname="mechinfo" name="info.ulMaxKeySize != 0xdeadbeef"><testcase classname="mechinfo" name="info.flags != 0xdeadbeef"><testcase classname="mechinfo" name="info.ulMinKeySize == info.ulMaxKeySize"><testcase classname="mechinfo" name="C_GetMechanismInfo(slot, mechlist[i], &info)"><testcase classname="mechinfo" name="info.ulMinKeySize != 0xdeadbeef"><testcase classname="mechinfo" name="info.ulMaxKeySize != 0xdeadbeef"><testcase classname="mechinfo" name="info.flags != 0xdeadbeef"><testcase classname="mechinfo" name="C_GetMechanismInfo(slot, mechlist[i], &info)"><testcase classname="mechinfo" name="info.ulMinKeySize != 0xdeadbeef"><testcase classname="mechinfo" name="info.ulMaxKeySize != 0xdeadbeef"><testcase classname="mechinfo" name="info.flags != 0xdeadbeef"><testcase classname="mechinfo" name="C_Finalize(0)"><testcase classname="sessions" name="C_OpenSession(slot, 0, 0, 0, &handle)"><testcase classname="sessions" name="C_Initialize(0)"><testcase classname="sessions" name="C_OpenSession(slot, 0x00000004UL, 0, 0, &handle)"><testcase classname="sessions" name="C_GetSlotList(0, 0, &count)"><testcase classname="sessions" name="C_GetSlotList(with_token, 0, &count)"><testcase classname="sessions" name="C_GetSlotList(with_token, list, &count)"><testcase classname="sessions" name="(count > 0 && list != NULL) || (count == 0 && list == NULL)"><testcase classname="sessions" name=""C_OpenSession""><testcase classname="sessions" name="C_OpenSession(slot, 0, 0, notify_session, &handle)"><testcase classname="sessions" name="C_OpenSession(slot, 0x00000004UL, 0, notify_session, &handle)"><testcase classname="sessions" name="C_CloseSession(handle)"><testcase classname="sessions" name="C_OpenSession(slot, 0x00000004UL | 0x00000002UL, 0, notify_session, &handle)"><testcase classname="sessions" name="C_CloseAllSessions(slot)"><testcase classname="sessions" name="C_Finalize(0)"><testcase classname="sessioninfo" name="C_Initialize(0)"><testcase classname="sessioninfo" name="C_GetSlotList(0, 0, &count)"><testcase classname="sessioninfo" name="C_GetSlotList(with_token, 0, &count)"><testcase classname="sessioninfo" name="C_GetSlotList(with_token, list, &count)"><testcase classname="sessioninfo" name="(count > 0 && list != NULL) || (count == 0 && list == NULL)"><testcase classname="sessioninfo" name=""C_OpenSession""><testcase classname="sessioninfo" name="C_OpenSession(slot, 0x00000004UL, 0, notify, &handle)"><testcase classname="sessioninfo" name="C_GetSessionInfo(handle, &info)"><testcase classname="sessioninfo" name="info.slotID == slot"><testcase classname="sessioninfo" name="!(info.flags & CKF_RW_SESSION)"><testcase classname="sessioninfo" name="C_CloseSession(handle)"><testcase classname="sessioninfo" name="C_OpenSession(slot, 0x00000004UL | 0x00000002UL, 0, notify, &handle)"><testcase classname="sessioninfo" name="C_GetSessionInfo(handle, &info)"><testcase classname="sessioninfo" name="info.slotID == slot"><testcase classname="sessioninfo" name="info.flags & CKF_RW_SESSION"><testcase classname="sessioninfo" name="C_CloseSession(handle)"><testcase classname="sessioninfo" name="C_Finalize(0)"><testcase classname="slogin" name="C_Login(handle, 1UL, 0, 0)"><testcase classname="slogin" name="C_Logout(handle)"><testcase classname="slogin" name="C_Initialize(0)"><testcase classname="slogin" name="C_GetSlotList(0, 0, &count)"><testcase classname="slogin" name="C_GetSlotList(with_token, 0, &count)"><testcase classname="slogin" name="C_GetSlotList(with_token, list, &count)"><testcase classname="slogin" name="(count > 0 && list != NULL) || (count == 0 && list == NULL)"><testcase classname="slogin" name=""C_OpenSession""><testcase classname="slogin" name="C_Logout(handle)"><testcase classname="slogin" name="C_OpenSession(slot, 0x00000004UL, 0, notify_login, &handle)"><testcase classname="slogin" name="C_GetSessionInfo(handle, &sinfo)"><testcase classname="slogin" name="C_Finalize(0)"><testcase classname="sbadlogin" name="C_Login(handle, 1UL, 0, 0)"><testcase classname="sbadlogin" name="C_Logout(handle)"><testcase classname="sbadlogin" name="C_Initialize(0)"><testcase classname="sbadlogin" name="C_GetSlotList(0, 0, &count)"><testcase classname="sbadlogin" name="C_GetSlotList(with_token, 0, &count)"><testcase classname="sbadlogin" name="C_GetSlotList(with_token, list, &count)"><testcase classname="sbadlogin" name="(count > 0 && list != NULL) || (count == 0 && list == NULL)"><testcase classname="sbadlogin" name=""C_OpenSession""><testcase classname="sbadlogin" name="C_Logout(handle)"><testcase classname="sbadlogin" name="C_OpenSession(slot, 0x00000004UL, 0, notify_login, &handle)"><testcase classname="sbadlogin" name="C_GetSessionInfo(handle, &sinfo)"><testcase classname="sbadlogin" name="C_Finalize(0)"><testcase classname="nonsensible" name="C_Initialize(0)"><testcase classname="nonsensible" name="C_InitToken(slot, (CK_UTF8CHAR_PTR)"1111", 4, (CK_UTF8CHAR_PTR)"")"><testcase classname="nonsensible" name="C_InitPIN(slot, (CK_UTF8CHAR_PTR)"1111", 4)"><testcase classname="nonsensible" name="C_CreateObject(session, 0, 0, &object)"><testcase classname="nonsensible" name="C_CopyObject(session, object, 0, 0, &object)"><testcase classname="nonsensible" name="C_DestroyObject(session, object)"><testcase classname="nonsensible" name="C_GetObjectSize(session, object, &data)"><testcase classname="nonsensible" name="C_EncryptInit(session, &mech, object)"><testcase classname="nonsensible" name="C_Encrypt(session, 0, 0, 0, &data)"><testcase classname="nonsensible" name="C_EncryptUpdate(session, 0, 0, 0, &data)"><testcase classname="nonsensible" name="C_EncryptFinal(session, 0, 0)"><testcase classname="nonsensible" name="C_DecryptInit(session, &mech, object)"><testcase classname="nonsensible" name="C_Decrypt(session, 0, 0, 0, &data)"><testcase classname="nonsensible" name="C_DecryptUpdate(session, 0, 0, 0, &data)"><testcase classname="nonsensible" name="C_DecryptFinal(session, 0, 0)"><testcase classname="nonsensible" name="C_DigestEncryptUpdate(session, 0, 0, 0, &data)"><testcase classname="nonsensible" name="C_DecryptDigestUpdate(session, 0, 0, 0, &data)"><testcase classname="nonsensible" name="C_SignEncryptUpdate(session, 0, 0, 0, &data)"><testcase classname="nonsensible" name="C_DecryptVerifyUpdate(session, 0, 0, 0, &data)"><testcase classname="nonsensible" name="C_GetOperationState(session, 0, &data)"><testcase classname="nonsensible" name="C_SetOperationState(session, 0, data, 0, 0)"><testcase classname="nonsensible" name="C_SetAttributeValue(session, object, &attr, 1)"><testcase classname="nonsensible" name="C_GenerateKey(session, &mech, &attr, 1, &object)"><testcase classname="nonsensible" name="C_GenerateKeyPair(session, &mech, &attr, 1, &attr, 1, &object, &object)"><testcase classname="nonsensible" name="C_WrapKey(session, &mech, object, object, 0, &data)"><testcase classname="nonsensible" name="C_UnwrapKey(session, &mech, object, 0, data, &attr, data, &object)"><testcase classname="nonsensible" name="C_DeriveKey(session, &mech, object, &attr, data, &object)"><testcase classname="nonsensible" name="C_SeedRandom(session, 0, data)"><testcase classname="nonsensible" name="C_GenerateRandom(session, 0, data)"><testcase classname="nonsensible" name="C_GetFunctionStatus(session)"><testcase classname="nonsensible" name="C_CancelFunction(session)"><testcase classname="nonsensible" name="C_DigestKey(session, object)"><testcase classname="nonsensible" name="C_SignRecoverInit(session, &mech, object)"><testcase classname="nonsensible" name="C_SignRecover(session, 0, data, 0, &data)"><testcase classname="nonsensible" name="C_VerifyInit(session, &mech, object)"><testcase classname="nonsensible" name="C_Verify(session, 0, data, 0, data)"><testcase classname="nonsensible" name="C_VerifyUpdate(session, 0, data)"><testcase classname="nonsensible" name="C_VerifyFinal(session, 0, data)"><testcase classname="nonsensible" name="C_VerifyRecoverInit(session, &mech, object)"><testcase classname="nonsensible" name="C_VerifyRecover(session, 0, data, 0, &data)"><testcase classname="nonsensible" name="C_Finalize(0)"><testcase classname="objects" name="C_Initialize(0)"><testcase classname="objects" name="C_GetSlotList(0, 0, &count)"><testcase classname="objects" name="C_GetSlotList(with_token, 0, &count)"><testcase classname="objects" name="C_GetSlotList(with_token, list, &count)"><testcase classname="objects" name="(count > 0 && list != NULL) || (count == 0 && list == NULL)"><testcase classname="objects" name=""C_OpenSession""><testcase classname="objects" name="C_OpenSession(slot, 0x00000004UL, 0, 0, &session)"><testcase classname="objects" name="C_FindObjectsInit(session, 0, 0)"><testcase classname="objects" name="C_FindObjects(session, &object, 1, &count)"><testcase classname="objects" name="C_GetAttributeValue(session, object, attr, 2)"><testcase classname="objects" name="C_GetAttributeValue(session, object, invalid, 1)"><testcase classname="objects" name="klass == CKO_CERTIFICATE || klass == CKO_PUBLIC_KEY || klass == CKO_PRIVATE_KEY"><testcase classname="objects" name="C_FindObjects(session, &object, 1, &count)"><testcase classname="objects" name="C_GetAttributeValue(session, object, attr, 2)"><testcase classname="objects" name="C_GetAttributeValue(session, object, invalid, 1)"><testcase classname="objects" name="klass == CKO_CERTIFICATE || klass == CKO_PUBLIC_KEY || klass == CKO_PRIVATE_KEY"><testcase classname="objects" name="C_FindObjects(session, &object, 1, &count)"><testcase classname="objects" name="C_GetAttributeValue(session, object, attr, 2)"><testcase classname="objects" name="C_GetAttributeValue(session, object, invalid, 1)"><testcase classname="objects" name="klass == CKO_CERTIFICATE || klass == CKO_PUBLIC_KEY || klass == CKO_PRIVATE_KEY"><testcase classname="objects" name="C_FindObjects(session, &object, 1, &count)"><testcase classname="objects" name="C_GetAttributeValue(session, object, attr, 2)"><testcase classname="objects" name="C_GetAttributeValue(session, object, invalid, 1)"><testcase classname="objects" name="klass == CKO_CERTIFICATE || klass == CKO_PUBLIC_KEY || klass == CKO_PRIVATE_KEY"><testcase classname="objects" name="C_FindObjects(session, &object, 1, &count)"><testcase classname="objects" name="C_GetAttributeValue(session, object, attr, 2)"><testcase classname="objects" name="C_GetAttributeValue(session, object, invalid, 1)"><testcase classname="objects" name="klass == CKO_CERTIFICATE || klass == CKO_PUBLIC_KEY || klass == CKO_PRIVATE_KEY"><testcase classname="objects" name="C_FindObjects(session, &object, 1, &count)"><testcase classname="objects" name="C_GetAttributeValue(session, object, attr, 2)"><testcase classname="objects" name="C_GetAttributeValue(session, object, invalid, 1)"><testcase classname="objects" name="klass == CKO_CERTIFICATE || klass == CKO_PUBLIC_KEY || klass == CKO_PRIVATE_KEY"><testcase classname="objects" name="C_FindObjects(session, &object, 1, &count)"><testcase classname="objects" name="C_GetAttributeValue(session, object, attr, 2)"><testcase classname="objects" name="C_GetAttributeValue(session, object, invalid, 1)"><testcase classname="objects" name="klass == CKO_CERTIFICATE || klass == CKO_PUBLIC_KEY || klass == CKO_PRIVATE_KEY"><testcase classname="objects" name="C_FindObjects(session, &object, 1, &count)"><testcase classname="objects" name="C_GetAttributeValue(session, object, attr, 2)"><testcase classname="objects" name="C_GetAttributeValue(session, object, invalid, 1)"><testcase classname="objects" name="klass == CKO_CERTIFICATE || klass == CKO_PUBLIC_KEY || klass == CKO_PRIVATE_KEY"><testcase classname="objects" name="C_FindObjects(session, &object, 1, &count)"><testcase classname="objects" name="C_FindObjectsInit(session, 0, 0)"><testcase classname="objects" name="C_FindObjectsFinal(session)"><testcase classname="objects" name="C_CloseSession(session)"><testcase classname="objects" name="C_OpenSession(slot, 0x00000004UL, 0, 0, &session)"><testcase classname="objects" name="C_FindObjectsInit(session, 0, 0)"><testcase classname="objects" name="C_CloseSession(session)"><testcase classname="objects" name="C_OpenSession(slot, 0x00000004UL, 0, 0, &session)"><testcase classname="objects" name="C_FindObjectsInit(session, 0, 0)"><testcase classname="objects" name="C_CloseSession(session)"><testcase classname="objects" name="C_OpenSession(slot, 0x00000004UL, 0, 0, &session)"><testcase classname="objects" name="C_Finalize(0)"><testcase classname="readdata" name="C_Initialize(0)"><testcase classname="readdata" name="C_GetSlotList(0, 0, &count)"><testcase classname="readdata" name="C_GetSlotList(with_token, 0, &count)"><testcase classname="readdata" name="C_GetSlotList(with_token, list, &count)"><testcase classname="readdata" name="(count > 0 && list != NULL) || (count == 0 && list == NULL)"><testcase classname="readdata" name=""C_OpenSession""><testcase classname="readdata" name="C_OpenSession(slot, 0x00000004UL, 0, 0, &session)"><testcase classname="readdata" name="C_FindObjectsInit(session, &attr, 1)"><testcase classname="readdata" name="C_FindObjects(session, &object, 1, &count)"><testcase classname="readdata" name="C_GetAttributeValue(session, object, data, 3)"><testcase classname="readdata" name="C_GetAttributeValue(session, object, data, 3)"><testcase classname="readdata" name="C_FindObjects(session, &object, 1, &count)"><testcase classname="readdata" name="C_GetAttributeValue(session, object, data, 3)"><testcase classname="readdata" name="C_GetAttributeValue(session, object, data, 3)"><testcase classname="readdata" name="C_FindObjects(session, &object, 1, &count)"><testcase classname="readdata" name="C_GetAttributeValue(session, object, data, 3)"><testcase classname="readdata" name="C_GetAttributeValue(session, object, data, 3)"><testcase classname="readdata" name="C_FindObjects(session, &object, 1, &count)"><testcase classname="readdata" name="C_GetAttributeValue(session, object, data, 3)"><testcase classname="readdata" name="C_GetAttributeValue(session, object, data, 3)"><testcase classname="readdata" name="C_FindObjects(session, &object, 1, &count)"><testcase classname="readdata" name="C_GetAttributeValue(session, object, data, 3)"><testcase classname="readdata" name="C_GetAttributeValue(session, object, data, 3)"><testcase classname="readdata" name="C_FindObjects(session, &object, 1, &count)"><testcase classname="readdata" name="C_GetAttributeValue(session, object, data, 3)"><testcase classname="readdata" name="C_GetAttributeValue(session, object, data, 3)"><testcase classname="readdata" name="C_FindObjects(session, &object, 1, &count)"><testcase classname="readdata" name="C_GetAttributeValue(session, object, data, 3)"><testcase classname="readdata" name="C_GetAttributeValue(session, object, data, 3)"><testcase classname="readdata" name="C_FindObjects(session, &object, 1, &count)"><testcase classname="readdata" name="C_GetAttributeValue(session, object, data, 3)"><testcase classname="readdata" name="C_GetAttributeValue(session, object, data, 3)"><testcase classname="readdata" name="C_FindObjects(session, &object, 1, &count)"><testcase classname="readdata" name="C_GetAttributeValue(session, object, data, 3)"><testcase classname="readdata" name="C_GetAttributeValue(session, object, data, 3)"><testcase classname="readdata" name="C_FindObjects(session, &object, 1, &count)"><testcase classname="readdata" name="C_GetAttributeValue(session, object, data, 3)"><testcase classname="readdata" name="C_GetAttributeValue(session, object, data, 3)"><testcase classname="readdata" name="C_FindObjects(session, &object, 1, &count)"><testcase classname="readdata" name="C_GetAttributeValue(session, object, data, 3)"><testcase classname="readdata" name="C_GetAttributeValue(session, object, data, 3)"><testcase classname="readdata" name="C_FindObjects(session, &object, 1, &count)"><testcase classname="readdata" name="C_GetAttributeValue(session, object, data, 3)"><testcase classname="readdata" name="C_GetAttributeValue(session, object, data, 3)"><testcase classname="readdata" name="C_FindObjects(session, &object, 1, &count)"><testcase classname="readdata" name="C_GetAttributeValue(session, object, data, 3)"><testcase classname="readdata" name="C_GetAttributeValue(session, object, data, 3)"><testcase classname="readdata" name="C_FindObjects(session, &object, 1, &count)"><testcase classname="readdata" name="C_GetAttributeValue(session, object, data, 3)"><testcase classname="readdata" name="C_GetAttributeValue(session, object, data, 3)"><testcase classname="readdata" name="C_FindObjects(session, &object, 1, &count)"><testcase classname="readdata" name="C_GetAttributeValue(session, object, data, 3)"><testcase classname="readdata" name="C_GetAttributeValue(session, object, data, 3)"><testcase classname="readdata" name="C_FindObjects(session, &object, 1, &count)"><testcase classname="readdata" name="C_GetAttributeValue(session, object, data, 3)"><testcase classname="readdata" name="C_GetAttributeValue(session, object, data, 3)"><testcase classname="readdata" name="C_FindObjects(session, &object, 1, &count)"><testcase classname="readdata" name="C_GetAttributeValue(session, object, data, 3)"><testcase classname="readdata" name="C_GetAttributeValue(session, object, data, 3)"><testcase classname="readdata" name="C_FindObjects(session, &object, 1, &count)"><testcase classname="readdata" name="C_GetAttributeValue(session, object, data, 3)"><testcase classname="readdata" name="C_GetAttributeValue(session, object, data, 3)"><testcase classname="readdata" name="C_FindObjects(session, &object, 1, &count)"><testcase classname="readdata" name="C_GetAttributeValue(session, object, data, 3)"><testcase classname="readdata" name="C_GetAttributeValue(session, object, data, 3)"><testcase classname="readdata" name="C_FindObjects(session, &object, 1, &count)"><testcase classname="readdata" name="C_GetAttributeValue(session, object, data, 3)"><testcase classname="readdata" name="C_GetAttributeValue(session, object, data, 3)"><testcase classname="readdata" name="C_FindObjects(session, &object, 1, &count)"><testcase classname="readdata" name="C_GetAttributeValue(session, object, data, 3)"><testcase classname="readdata" name="C_GetAttributeValue(session, object, data, 3)"><testcase classname="readdata" name="C_FindObjects(session, &object, 1, &count)"><testcase classname="readdata" name="C_GetAttributeValue(session, object, data, 3)"><testcase classname="readdata" name="C_GetAttributeValue(session, object, data, 3)"><testcase classname="readdata" name="C_FindObjects(session, &object, 1, &count)"><testcase classname="readdata" name="C_GetAttributeValue(session, object, data, 3)"><testcase classname="readdata" name="C_GetAttributeValue(session, object, data, 3)"><testcase classname="readdata" name="C_FindObjects(session, &object, 1, &count)"><testcase classname="readdata" name="C_GetAttributeValue(session, object, data, 3)"><testcase classname="readdata" name="C_GetAttributeValue(session, object, data, 3)"><testcase classname="readdata" name="C_FindObjects(session, &object, 1, &count)"><testcase classname="readdata" name="C_GetAttributeValue(session, object, data, 3)"><testcase classname="readdata" name="C_GetAttributeValue(session, object, data, 3)"><testcase classname="readdata" name="C_FindObjects(session, &object, 1, &count)"><testcase classname="readdata" name="C_GetAttributeValue(session, object, data, 3)"><testcase classname="readdata" name="C_GetAttributeValue(session, object, data, 3)"><testcase classname="readdata" name="C_FindObjects(session, &object, 1, &count)"><testcase classname="readdata" name="C_GetAttributeValue(session, object, data, 3)"><testcase classname="readdata" name="C_GetAttributeValue(session, object, data, 3)"><testcase classname="readdata" name="C_FindObjects(session, &object, 1, &count)"><testcase classname="readdata" name="C_GetAttributeValue(session, object, data, 3)"><testcase classname="readdata" name="C_GetAttributeValue(session, object, data, 3)"><testcase classname="readdata" name="C_FindObjects(session, &object, 1, &count)"><testcase classname="readdata" name="C_GetAttributeValue(session, object, data, 3)"><testcase classname="readdata" name="C_GetAttributeValue(session, object, data, 3)"><testcase classname="readdata" name="C_FindObjects(session, &object, 1, &count)"><testcase classname="readdata" name="C_GetAttributeValue(session, object, data, 3)"><testcase classname="readdata" name="C_GetAttributeValue(session, object, data, 3)"><testcase classname="readdata" name="C_FindObjects(session, &object, 1, &count)"><testcase classname="readdata" name="C_GetAttributeValue(session, object, data, 3)"><testcase classname="readdata" name="C_GetAttributeValue(session, object, data, 3)"><testcase classname="readdata" name="C_FindObjects(session, &object, 1, &count)"><testcase classname="readdata" name="C_GetAttributeValue(session, object, data, 3)"><testcase classname="readdata" name="C_GetAttributeValue(session, object, data, 3)"><testcase classname="readdata" name="C_FindObjects(session, &object, 1, &count)"><testcase classname="readdata" name="C_GetAttributeValue(session, object, data, 3)"><testcase classname="readdata" name="C_GetAttributeValue(session, object, data, 3)"><testcase classname="readdata" name="C_FindObjects(session, &object, 1, &count)"><testcase classname="readdata" name="C_GetAttributeValue(session, object, data, 3)"><testcase classname="readdata" name="C_GetAttributeValue(session, object, data, 3)"><testcase classname="readdata" name="C_FindObjects(session, &object, 1, &count)"><testcase classname="readdata" name="C_GetAttributeValue(session, object, data, 3)"><testcase classname="readdata" name="C_GetAttributeValue(session, object, data, 3)"><testcase classname="readdata" name="C_FindObjects(session, &object, 1, &count)"><testcase classname="readdata" name="C_GetAttributeValue(session, object, data, 3)"><testcase classname="readdata" name="C_GetAttributeValue(session, object, data, 3)"><testcase classname="readdata" name="C_FindObjects(session, &object, 1, &count)"><testcase classname="readdata" name="C_GetAttributeValue(session, object, data, 3)"><testcase classname="readdata" name="C_GetAttributeValue(session, object, data, 3)"><testcase classname="readdata" name="C_FindObjects(session, &object, 1, &count)"><testcase classname="readdata" name="C_GetAttributeValue(session, object, data, 3)"><testcase classname="readdata" name="C_GetAttributeValue(session, object, data, 3)"><testcase classname="readdata" name="C_FindObjects(session, &object, 1, &count)"><testcase classname="readdata" name="C_GetAttributeValue(session, object, data, 3)"><testcase classname="readdata" name="C_GetAttributeValue(session, object, data, 3)"><testcase classname="readdata" name="C_FindObjects(session, &object, 1, &count)"><testcase classname="readdata" name="C_GetAttributeValue(session, object, data, 3)"><testcase classname="readdata" name="C_GetAttributeValue(session, object, data, 3)"><testcase classname="readdata" name="C_FindObjects(session, &object, 1, &count)"><testcase classname="readdata" name="C_GetAttributeValue(session, object, data, 3)"><testcase classname="readdata" name="C_GetAttributeValue(session, object, data, 3)"><testcase classname="readdata" name="C_FindObjects(session, &object, 1, &count)"><testcase classname="readdata" name="C_GetAttributeValue(session, object, data, 3)"><testcase classname="readdata" name="C_GetAttributeValue(session, object, data, 3)"><testcase classname="readdata" name="C_FindObjects(session, &object, 1, &count)"><testcase classname="readdata" name="C_GetAttributeValue(session, object, data, 3)"><testcase classname="readdata" name="C_GetAttributeValue(session, object, data, 3)"><testcase classname="readdata" name="C_FindObjects(session, &object, 1, &count)"><testcase classname="readdata" name="C_GetAttributeValue(session, object, data, 3)"><testcase classname="readdata" name="C_GetAttributeValue(session, object, data, 3)"><testcase classname="readdata" name="C_FindObjects(session, &object, 1, &count)"><testcase classname="readdata" name="C_CloseSession(session)"><testcase classname="readdata" name="C_Finalize(0)"><testcase classname="readdata_limited" name="C_Initialize(0)"><testcase classname="readdata_limited" name="C_GetSlotList(0, 0, &count)"><testcase classname="readdata_limited" name="C_GetSlotList(with_token, 0, &count)"><testcase classname="readdata_limited" name="C_GetSlotList(with_token, list, &count)"><testcase classname="readdata_limited" name="(count > 0 && list != NULL) || (count == 0 && list == NULL)"><testcase classname="readdata_limited" name=""C_OpenSession""><testcase classname="readdata_limited" name="C_OpenSession(slot, 0x00000004UL, 0, 0, &session)"><testcase classname="readdata_limited" name="C_FindObjectsInit(session, attr, 2)"><testcase classname="readdata_limited" name="C_FindObjects(session, &object, 1, &count)"><testcase classname="readdata_limited" name="C_GetAttributeValue(session, object, data, 3)"><testcase classname="readdata_limited" name="C_GetAttributeValue(session, object, data, 3)"><testcase classname="readdata_limited" name="strcmp(objid_str, READ_OBJECT) == 0"><testcase classname="readdata_limited" name="C_FindObjects(session, &object, 1, &count)"><testcase classname="readdata_limited" name="C_GetAttributeValue(session, object, data, 3)"><testcase classname="readdata_limited" name="C_GetAttributeValue(session, object, data, 3)"><testcase classname="readdata_limited" name="strcmp(objid_str, READ_OBJECT) == 0"><testcase classname="readdata_limited" name="C_FindObjects(session, &object, 1, &count)"><testcase classname="readdata_limited" name="C_GetAttributeValue(session, object, data, 3)"><testcase classname="readdata_limited" name="C_GetAttributeValue(session, object, data, 3)"><testcase classname="readdata_limited" name="strcmp(objid_str, READ_OBJECT) == 0"><testcase classname="readdata_limited" name="C_FindObjects(session, &object, 1, &count)"><testcase classname="readdata_limited" name="C_GetAttributeValue(session, object, data, 3)"><testcase classname="readdata_limited" name="C_GetAttributeValue(session, object, data, 3)"><testcase classname="readdata_limited" name="strcmp(objid_str, READ_OBJECT) == 0"><testcase classname="readdata_limited" name="C_FindObjects(session, &object, 1, &count)"><testcase classname="readdata_limited" name="C_GetAttributeValue(session, object, data, 3)"><testcase classname="readdata_limited" name="C_GetAttributeValue(session, object, data, 3)"><testcase classname="readdata_limited" name="strcmp(objid_str, READ_OBJECT) == 0"><testcase classname="readdata_limited" name="C_FindObjects(session, &object, 1, &count)"><testcase classname="readdata_limited" name="C_GetAttributeValue(session, object, data, 3)"><testcase classname="readdata_limited" name="C_GetAttributeValue(session, object, data, 3)"><testcase classname="readdata_limited" name="strcmp(objid_str, READ_OBJECT) == 0"><testcase classname="readdata_limited" name="C_FindObjects(session, &object, 1, &count)"><testcase classname="readdata_limited" name="C_GetAttributeValue(session, object, data, 3)"><testcase classname="readdata_limited" name="C_GetAttributeValue(session, object, data, 3)"><testcase classname="readdata_limited" name="strcmp(objid_str, READ_OBJECT) == 0"><testcase classname="readdata_limited" name="C_FindObjects(session, &object, 1, &count)"><testcase classname="readdata_limited" name="C_GetAttributeValue(session, object, data, 3)"><testcase classname="readdata_limited" name="C_GetAttributeValue(session, object, data, 3)"><testcase classname="readdata_limited" name="strcmp(objid_str, READ_OBJECT) == 0"><testcase classname="readdata_limited" name="C_FindObjects(session, &object, 1, &count)"><testcase classname="readdata_limited" name="C_GetAttributeValue(session, object, data, 3)"><testcase classname="readdata_limited" name="C_GetAttributeValue(session, object, data, 3)"><testcase classname="readdata_limited" name="strcmp(objid_str, READ_OBJECT) == 0"><testcase classname="readdata_limited" name="C_FindObjects(session, &object, 1, &count)"><testcase classname="readdata_limited" name="C_GetAttributeValue(session, object, data, 3)"><testcase classname="readdata_limited" name="C_GetAttributeValue(session, object, data, 3)"><testcase classname="readdata_limited" name="strcmp(objid_str, READ_OBJECT) == 0"><testcase classname="readdata_limited" name="C_FindObjects(session, &object, 1, &count)"><testcase classname="readdata_limited" name="C_GetAttributeValue(session, object, data, 3)"><testcase classname="readdata_limited" name="C_GetAttributeValue(session, object, data, 3)"><testcase classname="readdata_limited" name="strcmp(objid_str, READ_OBJECT) == 0"><testcase classname="readdata_limited" name="C_FindObjects(session, &object, 1, &count)"><testcase classname="readdata_limited" name="C_GetAttributeValue(session, object, data, 3)"><testcase classname="readdata_limited" name="C_GetAttributeValue(session, object, data, 3)"><testcase classname="readdata_limited" name="strcmp(objid_str, READ_OBJECT) == 0"><testcase classname="readdata_limited" name="C_FindObjects(session, &object, 1, &count)"><testcase classname="readdata_limited" name="C_GetAttributeValue(session, object, data, 3)"><testcase classname="readdata_limited" name="C_GetAttributeValue(session, object, data, 3)"><testcase classname="readdata_limited" name="strcmp(objid_str, READ_OBJECT) == 0"><testcase classname="readdata_limited" name="C_FindObjects(session, &object, 1, &count)"><testcase classname="readdata_limited" name="C_GetAttributeValue(session, object, data, 3)"><testcase classname="readdata_limited" name="C_GetAttributeValue(session, object, data, 3)"><testcase classname="readdata_limited" name="strcmp(objid_str, READ_OBJECT) == 0"><testcase classname="readdata_limited" name="C_FindObjects(session, &object, 1, &count)"><testcase classname="readdata_limited" name="C_CloseSession(session)"><testcase classname="readdata_limited" name="C_Finalize(0)"><testcase classname="readdata_sequence" name="C_Initialize(0)"><testcase classname="readdata_sequence" name="C_GetSlotList(0, 0, &count)"><testcase classname="readdata_sequence" name="C_GetSlotList(with_token, 0, &count)"><testcase classname="readdata_sequence" name="C_GetSlotList(with_token, list, &count)"><testcase classname="readdata_sequence" name="(count > 0 && list != NULL) || (count == 0 && list == NULL)"><testcase classname="readdata_sequence" name=""C_OpenSession""><testcase classname="readdata_sequence" name="C_OpenSession(slot, 0x00000004UL, 0, 0, &session)"><testcase classname="readdata_sequence" name="C_FindObjectsInit(session, &attr, 1)"><testcase classname="readdata_sequence" name="C_FindObjects(session, &object, 1, &count)"><testcase classname="readdata_sequence" name="count != 0"><testcase classname="readdata_sequence" name="C_FindObjectsFinal(session)"><testcase classname="readdata_sequence" name="C_FindObjectsInit(session, attr_list, 2)"><testcase classname="readdata_sequence" name="C_FindObjects(session, &object, 1, &count)"><testcase classname="readdata_sequence" name="count != 0"><testcase classname="readdata_sequence" name="C_FindObjectsFinal(session)"><testcase classname="readdata_sequence" name="C_CloseSession(session)"><testcase classname="readdata_sequence" name="C_OpenSession(slot, 0x00000004UL, 0, 0, &session)"><testcase classname="readdata_sequence" name="C_FindObjectsInit(session, attr_list, 2)"><testcase classname="readdata_sequence" name="C_FindObjects(session, &object, 1, &count)"><testcase classname="readdata_sequence" name="count != 0"><testcase classname="readdata_sequence" name="C_FindObjectsFinal(session)"><testcase classname="readdata_sequence" name="C_FindObjectsInit(session, &attr, 1)"><testcase classname="readdata_sequence" name="C_FindObjects(session, &object, 1, &count)"><testcase classname="readdata_sequence" name="count != 0"><testcase classname="readdata_sequence" name="C_FindObjectsFinal(session)"><testcase classname="readdata_sequence" name="C_CloseSession(session)"><testcase classname="readdata_sequence" name="C_Finalize(0)"><testcase classname="digest" name="C_Initialize(0)"><testcase classname="digest" name="C_GetSlotList(0, 0, &count)"><testcase classname="digest" name="C_GetSlotList(with_token, 0, &count)"><testcase classname="digest" name="C_GetSlotList(with_token, list, &count)"><testcase classname="digest" name="(count > 0 && list != NULL) || (count == 0 && list == NULL)"><testcase classname="digest" name=""C_OpenSession""><testcase classname="digest" name="C_OpenSession(slot, 0x00000004UL, 0, 0, &session)"><testcase classname="digest" name="C_DigestInit(session, &mech)"><testcase classname="digest" name="C_DigestUpdate(session, data, sizeof(data))"><testcase classname="digest" name="C_DigestFinal(session, 0, &len)"><testcase classname="digest" name="C_DigestFinal(session, digest, &len)"><testcase classname="digest" name="memcmp(digest, digest_results[i], len) == 0"><testcase classname="digest" name="C_DigestInit(session, &mech)"><testcase classname="digest" name="C_Digest(session, data, sizeof(data), digest, &len)"><testcase classname="digest" name="memcmp(digest, digest_results[i], len) == 0"><testcase classname="digest" name="C_DigestInit(session, &mech)"><testcase classname="digest" name="C_DigestUpdate(session, data, sizeof(data))"><testcase classname="digest" name="C_DigestFinal(session, 0, &len)"><testcase classname="digest" name="C_DigestFinal(session, digest, &len)"><testcase classname="digest" name="memcmp(digest, digest_results[i], len) == 0"><testcase classname="digest" name="C_DigestInit(session, &mech)"><testcase classname="digest" name="C_Digest(session, data, sizeof(data), digest, &len)"><testcase classname="digest" name="memcmp(digest, digest_results[i], len) == 0"><testcase classname="digest" name="C_DigestInit(session, &mech)"><testcase classname="digest" name="C_DigestUpdate(session, data, sizeof(data))"><testcase classname="digest" name="C_DigestFinal(session, 0, &len)"><testcase classname="digest" name="C_DigestFinal(session, digest, &len)"><testcase classname="digest" name="memcmp(digest, digest_results[i], len) == 0"><testcase classname="digest" name="C_DigestInit(session, &mech)"><testcase classname="digest" name="C_Digest(session, data, sizeof(data), digest, &len)"><testcase classname="digest" name="memcmp(digest, digest_results[i], len) == 0"><testcase classname="digest" name="C_DigestInit(session, &mech)"><testcase classname="digest" name="C_DigestUpdate(session, data, sizeof(data))"><testcase classname="digest" name="C_DigestFinal(session, 0, &len)"><testcase classname="digest" name="C_DigestFinal(session, digest, &len)"><testcase classname="digest" name="memcmp(digest, digest_results[i], len) == 0"><testcase classname="digest" name="C_DigestInit(session, &mech)"><testcase classname="digest" name="C_Digest(session, data, sizeof(data), digest, &len)"><testcase classname="digest" name="memcmp(digest, digest_results[i], len) == 0"><testcase classname="digest" name="C_Finalize(0)"><testcase classname="ordering" name="C_DigestInit(session, &mech)"><testcase classname="ordering" name="C_Digest(session, data, sizeof(data), result, &len)"><testcase classname="ordering" name="C_DigestUpdate(session, data, sizeof(data))"><testcase classname="ordering" name="C_DigestFinal(session, result, &len)"><testcase classname="ordering" name="C_SignInit(session, &mech, obj)"><testcase classname="ordering" name="C_Sign(session, data, sizeof(data), result, &len)"><testcase classname="ordering" name="C_SignUpdate(session, data, sizeof(data))"><testcase classname="ordering" name="C_SignFinal(session, result, &len)"><testcase classname="ordering" name="C_FindObjectsInit(session, &attr, 1)"><testcase classname="ordering" name="C_FindObjects(session, &obj, 1, &len)"><testcase classname="ordering" name="C_GetAttributeValue(session, obj, &attr, 1)"><testcase classname="ordering" name="C_FindObjectsFinal(session)"><testcase classname="ordering" name="C_Initialize(0)"><testcase classname="ordering" name="C_DigestInit(session, &mech)"><testcase classname="ordering" name="C_Digest(session, data, sizeof(data), result, &len)"><testcase classname="ordering" name="C_DigestUpdate(session, data, sizeof(data))"><testcase classname="ordering" name="C_DigestFinal(session, result, &len)"><testcase classname="ordering" name="C_SignInit(session, &mech, obj)"><testcase classname="ordering" name="C_Sign(session, data, sizeof(data), result, &len)"><testcase classname="ordering" name="C_SignUpdate(session, data, sizeof(data))"><testcase classname="ordering" name="C_SignFinal(session, result, &len)"><testcase classname="ordering" name="C_FindObjectsInit(session, &attr, 1)"><testcase classname="ordering" name="C_FindObjects(session, &obj, 1, &len)"><testcase classname="ordering" name="C_GetAttributeValue(session, obj, &attr, 1)"><testcase classname="ordering" name="C_FindObjectsFinal(session)"><testcase classname="ordering" name="C_GetSlotList(0, 0, &count)"><testcase classname="ordering" name="C_GetSlotList(with_token, 0, &count)"><testcase classname="ordering" name="C_GetSlotList(with_token, list, &count)"><testcase classname="ordering" name="(count > 0 && list != NULL) || (count == 0 && list == NULL)"><testcase classname="ordering" name=""C_OpenSession""><testcase classname="ordering" name="C_OpenSession(slot, 0x00000004UL, 0, 0, &session)"><testcase classname="ordering" name="C_Digest(session, data, sizeof(data), result, &len)"><testcase classname="ordering" name="C_DigestUpdate(session, data, sizeof(data))"><testcase classname="ordering" name="C_DigestFinal(session, result, &len)"><testcase classname="ordering" name="C_Sign(session, data, sizeof(data), result, &len)"><testcase classname="ordering" name="C_SignUpdate(session, data, sizeof(data))"><testcase classname="ordering" name="C_SignFinal(session, result, &len)"><testcase classname="ordering" name="C_FindObjects(session, &obj, 1, &len)"><testcase classname="ordering" name="C_GetAttributeValue(session, obj, &attr, 1)"><testcase classname="ordering" name="C_FindObjectsFinal(session)"><testcase classname="ordering" name="C_Finalize(0)"><testcase classname="wrong_init" name="C_Initialize(&args)"><testcase classname="wrong_init" name="C_Initialize(&args)"><testcase classname="wrong_init" name="C_Finalize(0)"><testcase classname="wrong_init" name="C_Initialize(0)"><testcase classname="wrong_init" name="C_Finalize((CK_VOID_PTR)0xdeadbeaf)"><testcase classname="wrong_init" name="C_Finalize(0)"><testcase classname="wrong_init" name="C_Finalize(0)"></testsuite><testsuite name="init_finalize" errors="0", failures="0" skipped="0" tests="653"><testcase classname="init_finalize" name="C_Initialize(0)"><testcase classname="init_finalize" name="C_Finalize(0)"><testcase classname="getinfo" name="C_Initialize(0)"><testcase classname="getinfo" name="C_GetInfo(0)"><testcase classname="getinfo" name="C_GetInfo(&info)"><testcase classname="getinfo" name="info.cryptokiVersion.major == 2"><testcase classname="getinfo" name="nullCount == expect"><testcase classname="getinfo" name="nullCount == expect"><testcase classname="getinfo" name="C_Finalize(0)"><testcase classname="slotlist" name="C_GetSlotList(0, 0, &count)"><testcase classname="slotlist" name="C_Initialize(0)"><testcase classname="slotlist" name="C_GetSlotList(0, 0, 0)"><testcase classname="slotlist" name="C_GetSlotList(0, 0, &count)"><testcase classname="slotlist" name="C_GetSlotList(0, list, &count)"><testcase classname="slotlist" name="C_GetSlotList(0, list, &count)"><testcase classname="slotlist" name="list[i] != 0xdeadbeef"><testcase classname="slotlist" name="list[i] != 0xdeadbeef"><testcase classname="slotlist" name="list[i] != 0xdeadbeef"><testcase classname="slotlist" name="list[i] != 0xdeadbeef"><testcase classname="slotlist" name="C_Finalize(0)"><testcase classname="slotinfo" name="C_GetSlotInfo(slot, &info)"><testcase classname="slotinfo" name="C_Initialize(0)"><testcase classname="slotinfo" name="C_GetSlotInfo(slot, 0)"><testcase classname="slotinfo" name="C_GetSlotList(0, 0, &count)"><testcase classname="slotinfo" name="C_GetSlotList(with_token, 0, &count)"><testcase classname="slotinfo" name="C_GetSlotList(with_token, list, &count)"><testcase classname="slotinfo" name="(count > 0 && list != NULL) || (count == 0 && list == NULL)"><testcase classname="slotinfo" name=""C_OpenSession""><testcase classname="slotinfo" name="C_GetSlotInfo(slot+30, &info)"><testcase classname="slotinfo" name="C_GetSlotInfo(slot, &info)"><testcase classname="slotinfo" name="nullCount == expect"><testcase classname="slotinfo" name="nullCount == expect"><testcase classname="slotinfo" name="C_Finalize(0)"><testcase classname="tkinfo" name="C_GetTokenInfo(slot, &info)"><testcase classname="tkinfo" name="C_Initialize(0)"><testcase classname="tkinfo" name="C_GetTokenInfo(slot, 0)"><testcase classname="tkinfo" name="C_GetSlotList(0, 0, &count)"><testcase classname="tkinfo" name="C_GetSlotList(with_token, 0, &count)"><testcase classname="tkinfo" name="C_GetSlotList(with_token, list, &count)"><testcase classname="tkinfo" name="(count > 0 && list != NULL) || (count == 0 && list == NULL)"><testcase classname="tkinfo" name=""C_OpenSession""><testcase classname="tkinfo" name="C_GetTokenInfo(slot, &info)"><testcase classname="tkinfo" name="nullCount == expect"><testcase classname="tkinfo" name="nullCount == expect"><testcase classname="tkinfo" name="nullCount == expect"><testcase classname="tkinfo" name="info.ulTotalPublicMemory == CK_UNAVAILABLE_INFORMATION"><testcase classname="tkinfo" name="info.ulFreePublicMemory == CK_UNAVAILABLE_INFORMATION"><testcase classname="tkinfo" name="info.ulTotalPrivateMemory == CK_UNAVAILABLE_INFORMATION"><testcase classname="tkinfo" name="info.ulFreePrivateMemory == CK_UNAVAILABLE_INFORMATION"><testcase classname="tkinfo" name="!(info.flags & CKF_RNG)"><testcase classname="tkinfo" name="info.flags & CKF_WRITE_PROTECTED"><testcase classname="tkinfo" name="!(info.flags & CKF_LOGIN_REQUIRED)"><testcase classname="tkinfo" name="!(info.flags & CKF_RESTORE_KEY_NOT_NEEDED)"><testcase classname="tkinfo" name="!(info.flags & CKF_CLOCK_ON_TOKEN)"><testcase classname="tkinfo" name="!(info.flags & CKF_DUAL_CRYPTO_OPERATIONS)"><testcase classname="tkinfo" name="info.flags & CKF_TOKEN_INITIALIZED"><testcase classname="tkinfo" name="!(info.flags & CKF_SECONDARY_AUTHENTICATION)"><testcase classname="tkinfo" name="C_GetTokenInfo(slot+30, &info)"><testcase classname="tkinfo" name="C_Finalize(0)"><testcase classname="double_init" name="C_Initialize(0)"><testcase classname="double_init" name="C_Initialize(0)"><testcase classname="double_init" name="C_Finalize(0)"><testcase classname="mechlist" name="C_GetMechanismList(0, 0, &count)"><testcase classname="mechlist" name="C_Initialize(0)"><testcase classname="mechlist" name="C_GetSlotList(0, 0, &count)"><testcase classname="mechlist" name="C_GetSlotList(with_token, 0, &count)"><testcase classname="mechlist" name="C_GetSlotList(with_token, list, &count)"><testcase classname="mechlist" name="(count > 0 && list != NULL) || (count == 0 && list == NULL)"><testcase classname="mechlist" name=""C_OpenSession""><testcase classname="mechlist" name="C_GetMechanismList(slot, 0, &count)"><testcase classname="mechlist" name="C_GetMechanismList(slot, mechlist, &count)"><testcase classname="mechlist" name="C_GetMechanismList(slot, mechlist, &temp)"><testcase classname="mechlist" name="C_GetMechanismList(slot, mechlist, &temp)"><testcase classname="mechlist" name="C_GetMechanismList(slot, mechlist, &temp)"><testcase classname="mechlist" name="C_GetMechanismList(slot, mechlist, &temp)"><testcase classname="mechlist" name="C_GetMechanismList(slot, mechlist, &temp)"><testcase classname="mechlist" name="C_GetMechanismList(slot, mechlist, &temp)"><testcase classname="mechlist" name="C_GetMechanismList(slot, mechlist, &temp)"><testcase classname="mechlist" name="C_GetMechanismList(slot, mechlist, &temp)"><testcase classname="mechlist" name="C_GetMechanismList(slot, mechlist, &temp)"><testcase classname="mechlist" name="C_GetMechanismList(slot, mechlist, &temp)"><testcase classname="mechlist" name="C_GetMechanismList(slot, mechlist, &temp)"><testcase classname="mechlist" name="C_GetMechanismList(slot, mechlist, &temp)"><testcase classname="mechlist" name="C_GetMechanismList(slot, mechlist, &temp)"><testcase classname="mechlist" name="C_GetMechanismList(slot, mechlist, &temp)"><testcase classname="mechlist" name="C_GetMechanismList(slot, mechlist, &temp)"><testcase classname="mechlist" name="count == known_mechs"><testcase classname="mechlist" name="rsa_mechs == 7 || rsa_mechs == 8 || ecdsa_mechs == 4"><testcase classname="mechlist" name="C_GetMechanismList(slot+30, mechlist, &count)"><testcase classname="mechlist" name="C_Finalize(0)"><testcase classname="mechinfo" name="C_GetMechanismInfo(slot, 0, &info)"><testcase classname="mechinfo" name="C_Initialize(0)"><testcase classname="mechinfo" name="C_GetSlotList(0, 0, &count)"><testcase classname="mechinfo" name="C_GetSlotList(with_token, 0, &count)"><testcase classname="mechinfo" name="C_GetSlotList(with_token, list, &count)"><testcase classname="mechinfo" name="(count > 0 && list != NULL) || (count == 0 && list == NULL)"><testcase classname="mechinfo" name=""C_OpenSession""><testcase classname="mechinfo" name="C_GetMechanismList(slot, 0, &count)"><testcase classname="mechinfo" name="C_GetMechanismList(slot, mechlist, &count)"><testcase classname="mechinfo" name="C_GetMechanismInfo(slot, mechlist[1], 0)"><testcase classname="mechinfo" name="C_GetMechanismInfo(slot, 0, &info)"><testcase classname="mechinfo" name="C_GetMechanismInfo(slot, 0xdeadbeef, &info)"><testcase classname="mechinfo" name="C_GetMechanismInfo(slot, mechlist[i], &info)"><testcase classname="mechinfo" name="info.ulMinKeySize != 0xdeadbeef"><testcase classname="mechinfo" name="info.ulMaxKeySize != 0xdeadbeef"><testcase classname="mechinfo" name="info.flags != 0xdeadbeef"><testcase classname="mechinfo" name="info.ulMinKeySize == info.ulMaxKeySize"><testcase classname="mechinfo" name="C_GetMechanismInfo(slot, mechlist[i], &info)"><testcase classname="mechinfo" name="info.ulMinKeySize != 0xdeadbeef"><testcase classname="mechinfo" name="info.ulMaxKeySize != 0xdeadbeef"><testcase classname="mechinfo" name="info.flags != 0xdeadbeef"><testcase classname="mechinfo" name="info.ulMinKeySize == info.ulMaxKeySize"><testcase classname="mechinfo" name="C_GetMechanismInfo(slot, mechlist[i], &info)"><testcase classname="mechinfo" name="info.ulMinKeySize != 0xdeadbeef"><testcase classname="mechinfo" name="info.ulMaxKeySize != 0xdeadbeef"><testcase classname="mechinfo" name="info.flags != 0xdeadbeef"><testcase classname="mechinfo" name="info.ulMinKeySize == info.ulMaxKeySize"><testcase classname="mechinfo" name="C_GetMechanismInfo(slot, mechlist[i], &info)"><testcase classname="mechinfo" name="info.ulMinKeySize != 0xdeadbeef"><testcase classname="mechinfo" name="info.ulMaxKeySize != 0xdeadbeef"><testcase classname="mechinfo" name="info.flags != 0xdeadbeef"><testcase classname="mechinfo" name="info.ulMinKeySize == info.ulMaxKeySize"><testcase classname="mechinfo" name="C_GetMechanismInfo(slot, mechlist[i], &info)"><testcase classname="mechinfo" name="info.ulMinKeySize != 0xdeadbeef"><testcase classname="mechinfo" name="info.ulMaxKeySize != 0xdeadbeef"><testcase classname="mechinfo" name="info.flags != 0xdeadbeef"><testcase classname="mechinfo" name="info.ulMinKeySize == info.ulMaxKeySize"><testcase classname="mechinfo" name="C_GetMechanismInfo(slot, mechlist[i], &info)"><testcase classname="mechinfo" name="info.ulMinKeySize != 0xdeadbeef"><testcase classname="mechinfo" name="info.ulMaxKeySize != 0xdeadbeef"><testcase classname="mechinfo" name="info.flags != 0xdeadbeef"><testcase classname="mechinfo" name="info.ulMinKeySize == info.ulMaxKeySize"><testcase classname="mechinfo" name="C_GetMechanismInfo(slot, mechlist[i], &info)"><testcase classname="mechinfo" name="info.ulMinKeySize != 0xdeadbeef"><testcase classname="mechinfo" name="info.ulMaxKeySize != 0xdeadbeef"><testcase classname="mechinfo" name="info.flags != 0xdeadbeef"><testcase classname="mechinfo" name="info.ulMinKeySize == info.ulMaxKeySize"><testcase classname="mechinfo" name="info.ulMaxKeySize == 2048"><testcase classname="mechinfo" name="info.flags & CKF_HW"><testcase classname="mechinfo" name="info.flags & CKF_SIGN"><testcase classname="mechinfo" name="(info.flags & ~CKF_HW & ~CKF_SIGN) == 0"><testcase classname="mechinfo" name="C_GetMechanismInfo(slot, mechlist[i], &info)"><testcase classname="mechinfo" name="info.ulMinKeySize != 0xdeadbeef"><testcase classname="mechinfo" name="info.ulMaxKeySize != 0xdeadbeef"><testcase classname="mechinfo" name="info.flags != 0xdeadbeef"><testcase classname="mechinfo" name="info.ulMinKeySize == info.ulMaxKeySize"><testcase classname="mechinfo" name="C_GetMechanismInfo(slot, mechlist[i], &info)"><testcase classname="mechinfo" name="info.ulMinKeySize != 0xdeadbeef"><testcase classname="mechinfo" name="info.ulMaxKeySize != 0xdeadbeef"><testcase classname="mechinfo" name="info.flags != 0xdeadbeef"><testcase classname="mechinfo" name="info.ulMinKeySize == info.ulMaxKeySize"><testcase classname="mechinfo" name="C_GetMechanismInfo(slot, mechlist[i], &info)"><testcase classname="mechinfo" name="info.ulMinKeySize != 0xdeadbeef"><testcase classname="mechinfo" name="info.ulMaxKeySize != 0xdeadbeef"><testcase classname="mechinfo" name="info.flags != 0xdeadbeef"><testcase classname="mechinfo" name="info.ulMinKeySize == info.ulMaxKeySize"><testcase classname="mechinfo" name="C_GetMechanismInfo(slot, mechlist[i], &info)"><testcase classname="mechinfo" name="info.ulMinKeySize != 0xdeadbeef"><testcase classname="mechinfo" name="info.ulMaxKeySize != 0xdeadbeef"><testcase classname="mechinfo" name="info.flags != 0xdeadbeef"><testcase classname="mechinfo" name="info.ulMinKeySize == info.ulMaxKeySize"><testcase classname="mechinfo" name="C_GetMechanismInfo(slot, mechlist[i], &info)"><testcase classname="mechinfo" name="info.ulMinKeySize != 0xdeadbeef"><testcase classname="mechinfo" name="info.ulMaxKeySize != 0xdeadbeef"><testcase classname="mechinfo" name="info.flags != 0xdeadbeef"><testcase classname="mechinfo" name="info.ulMinKeySize == info.ulMaxKeySize"><testcase classname="mechinfo" name="C_GetMechanismInfo(slot, mechlist[i], &info)"><testcase classname="mechinfo" name="info.ulMinKeySize != 0xdeadbeef"><testcase classname="mechinfo" name="info.ulMaxKeySize != 0xdeadbeef"><testcase classname="mechinfo" name="info.flags != 0xdeadbeef"><testcase classname="mechinfo" name="info.ulMinKeySize == info.ulMaxKeySize"><testcase classname="mechinfo" name="C_GetMechanismInfo(slot, mechlist[i], &info)"><testcase classname="mechinfo" name="info.ulMinKeySize != 0xdeadbeef"><testcase classname="mechinfo" name="info.ulMaxKeySize != 0xdeadbeef"><testcase classname="mechinfo" name="info.flags != 0xdeadbeef"><testcase classname="mechinfo" name="C_GetMechanismInfo(slot, mechlist[i], &info)"><testcase classname="mechinfo" name="info.ulMinKeySize != 0xdeadbeef"><testcase classname="mechinfo" name="info.ulMaxKeySize != 0xdeadbeef"><testcase classname="mechinfo" name="info.flags != 0xdeadbeef"><testcase classname="mechinfo" name="C_Finalize(0)"><testcase classname="sessions" name="C_OpenSession(slot, 0, 0, 0, &handle)"><testcase classname="sessions" name="C_Initialize(0)"><testcase classname="sessions" name="C_OpenSession(slot, 0x00000004UL, 0, 0, &handle)"><testcase classname="sessions" name="C_GetSlotList(0, 0, &count)"><testcase classname="sessions" name="C_GetSlotList(with_token, 0, &count)"><testcase classname="sessions" name="C_GetSlotList(with_token, list, &count)"><testcase classname="sessions" name="(count > 0 && list != NULL) || (count == 0 && list == NULL)"><testcase classname="sessions" name=""C_OpenSession""><testcase classname="sessions" name="C_OpenSession(slot, 0, 0, notify_session, &handle)"><testcase classname="sessions" name="C_OpenSession(slot, 0x00000004UL, 0, notify_session, &handle)"><testcase classname="sessions" name="C_CloseSession(handle)"><testcase classname="sessions" name="C_OpenSession(slot, 0x00000004UL | 0x00000002UL, 0, notify_session, &handle)"><testcase classname="sessions" name="C_CloseAllSessions(slot)"><testcase classname="sessions" name="C_Finalize(0)"><testcase classname="sessioninfo" name="C_Initialize(0)"><testcase classname="sessioninfo" name="C_GetSlotList(0, 0, &count)"><testcase classname="sessioninfo" name="C_GetSlotList(with_token, 0, &count)"><testcase classname="sessioninfo" name="C_GetSlotList(with_token, list, &count)"><testcase classname="sessioninfo" name="(count > 0 && list != NULL) || (count == 0 && list == NULL)"><testcase classname="sessioninfo" name=""C_OpenSession""><testcase classname="sessioninfo" name="C_OpenSession(slot, 0x00000004UL, 0, notify, &handle)"><testcase classname="sessioninfo" name="C_GetSessionInfo(handle, &info)"><testcase classname="sessioninfo" name="info.slotID == slot"><testcase classname="sessioninfo" name="!(info.flags & CKF_RW_SESSION)"><testcase classname="sessioninfo" name="C_CloseSession(handle)"><testcase classname="sessioninfo" name="C_OpenSession(slot, 0x00000004UL | 0x00000002UL, 0, notify, &handle)"><testcase classname="sessioninfo" name="C_GetSessionInfo(handle, &info)"><testcase classname="sessioninfo" name="info.slotID == slot"><testcase classname="sessioninfo" name="info.flags & CKF_RW_SESSION"><testcase classname="sessioninfo" name="C_CloseSession(handle)"><testcase classname="sessioninfo" name="C_Finalize(0)"><testcase classname="slogin" name="C_Login(handle, 1UL, 0, 0)"><testcase classname="slogin" name="C_Logout(handle)"><testcase classname="slogin" name="C_Initialize(0)"><testcase classname="slogin" name="C_GetSlotList(0, 0, &count)"><testcase classname="slogin" name="C_GetSlotList(with_token, 0, &count)"><testcase classname="slogin" name="C_GetSlotList(with_token, list, &count)"><testcase classname="slogin" name="(count > 0 && list != NULL) || (count == 0 && list == NULL)"><testcase classname="slogin" name=""C_OpenSession""><testcase classname="slogin" name="C_Logout(handle)"><testcase cl
[...]
ken, list, &count)"><testcase classname="tkinfo" name="(count > 0 && list != NULL) || (count == 0 && list == NULL)"><testcase classname="tkinfo" name=""C_OpenSession""><testcase classname="tkinfo" name="C_GetTokenInfo(slot, &info)"><testcase classname="tkinfo" name="nullCount == expect"><testcase classname="tkinfo" name="nullCount == expect"><testcase classname="tkinfo" name="nullCount == expect"><testcase classname="tkinfo" name="info.ulTotalPublicMemory == CK_UNAVAILABLE_INFORMATION"><testcase classname="tkinfo" name="info.ulFreePublicMemory == CK_UNAVAILABLE_INFORMATION"><testcase classname="tkinfo" name="info.ulTotalPrivateMemory == CK_UNAVAILABLE_INFORMATION"><testcase classname="tkinfo" name="info.ulFreePrivateMemory == CK_UNAVAILABLE_INFORMATION"><testcase classname="tkinfo" name="!(info.flags & CKF_RNG)"><testcase classname="tkinfo" name="info.flags & CKF_WRITE_PROTECTED"><testcase classname="tkinfo" name="!(info.flags & CKF_LOGIN_REQUIRED)"><testcase classname="tkinfo" name="!(info.flags & CKF_RESTORE_KEY_NOT_NEEDED)"><testcase classname="tkinfo" name="!(info.flags & CKF_CLOCK_ON_TOKEN)"><testcase classname="tkinfo" name="!(info.flags & CKF_DUAL_CRYPTO_OPERATIONS)"><testcase classname="tkinfo" name="info.flags & CKF_TOKEN_INITIALIZED"><testcase classname="tkinfo" name="!(info.flags & CKF_SECONDARY_AUTHENTICATION)"><testcase classname="tkinfo" name="C_GetTokenInfo(slot+30, &info)"><testcase classname="tkinfo" name="C_Finalize(0)"><testcase classname="double_init" name="C_Initialize(0)"><testcase classname="double_init" name="C_Initialize(0)"><testcase classname="double_init" name="C_Finalize(0)"><testcase classname="mechlist" name="C_GetMechanismList(0, 0, &count)"><testcase classname="mechlist" name="C_Initialize(0)"><testcase classname="mechlist" name="C_GetSlotList(0, 0, &count)"><testcase classname="mechlist" name="C_GetSlotList(with_token, 0, &count)"><testcase classname="mechlist" name="C_GetSlotList(with_token, list, &count)"><testcase classname="mechlist" name="(count > 0 && list != NULL) || (count == 0 && list == NULL)"><testcase classname="mechlist" name=""C_OpenSession""><testcase classname="mechlist" name="C_GetMechanismList(slot, 0, &count)"><testcase classname="mechlist" name="C_GetMechanismList(slot, mechlist, &count)"><testcase classname="mechlist" name="C_GetMechanismList(slot, mechlist, &temp)"><testcase classname="mechlist" name="C_GetMechanismList(slot, mechlist, &temp)"><testcase classname="mechlist" name="C_GetMechanismList(slot, mechlist, &temp)"><testcase classname="mechlist" name="C_GetMechanismList(slot, mechlist, &temp)"><testcase classname="mechlist" name="C_GetMechanismList(slot, mechlist, &temp)"><testcase classname="mechlist" name="C_GetMechanismList(slot, mechlist, &temp)"><testcase classname="mechlist" name="C_GetMechanismList(slot, mechlist, &temp)"><testcase classname="mechlist" name="C_GetMechanismList(slot, mechlist, &temp)"><testcase classname="mechlist" name="C_GetMechanismList(slot, mechlist, &temp)"><testcase classname="mechlist" name="C_GetMechanismList(slot, mechlist, &temp)"><testcase classname="mechlist" name="count == known_mechs"><testcase classname="mechlist" name="rsa_mechs == 7 || rsa_mechs == 8 || ecdsa_mechs == 4"><testcase classname="mechlist" name="C_GetMechanismList(slot+30, mechlist, &count)"><testcase classname="mechlist" name="C_Finalize(0)"><testcase classname="mechinfo" name="C_GetMechanismInfo(slot, 0, &info)"><testcase classname="mechinfo" name="C_Initialize(0)"><testcase classname="mechinfo" name="C_GetSlotList(0, 0, &count)"><testcase classname="mechinfo" name="C_GetSlotList(with_token, 0, &count)"><testcase classname="mechinfo" name="C_GetSlotList(with_token, list, &count)"><testcase classname="mechinfo" name="(count > 0 && list != NULL) || (count == 0 && list == NULL)"><testcase classname="mechinfo" name=""C_OpenSession""><testcase classname="mechinfo" name="C_GetMechanismList(slot, 0, &count)"><testcase classname="mechinfo" name="C_GetMechanismList(slot, mechlist, &count)"><testcase classname="mechinfo" name="C_GetMechanismInfo(slot, mechlist[1], 0)"><testcase classname="mechinfo" name="C_GetMechanismInfo(slot, 0, &info)"><testcase classname="mechinfo" name="C_GetMechanismInfo(slot, 0xdeadbeef, &info)"><testcase classname="mechinfo" name="C_GetMechanismInfo(slot, mechlist[i], &info)"><testcase classname="mechinfo" name="info.ulMinKeySize != 0xdeadbeef"><testcase classname="mechinfo" name="info.ulMaxKeySize != 0xdeadbeef"><testcase classname="mechinfo" name="info.flags != 0xdeadbeef"><testcase classname="mechinfo" name="info.ulMinKeySize == info.ulMaxKeySize"><testcase classname="mechinfo" name="C_GetMechanismInfo(slot, mechlist[i], &info)"><testcase classname="mechinfo" name="info.ulMinKeySize != 0xdeadbeef"><testcase classname="mechinfo" name="info.ulMaxKeySize != 0xdeadbeef"><testcase classname="mechinfo" name="info.flags != 0xdeadbeef"><testcase classname="mechinfo" name="info.ulMinKeySize == info.ulMaxKeySize"><testcase classname="mechinfo" name="C_GetMechanismInfo(slot, mechlist[i], &info)"><testcase classname="mechinfo" name="info.ulMinKeySize != 0xdeadbeef"><testcase classname="mechinfo" name="info.ulMaxKeySize != 0xdeadbeef"><testcase classname="mechinfo" name="info.flags != 0xdeadbeef"><testcase classname="mechinfo" name="info.ulMinKeySize == info.ulMaxKeySize"><testcase classname="mechinfo" name="C_GetMechanismInfo(slot, mechlist[i], &info)"><testcase classname="mechinfo" name="info.ulMinKeySize != 0xdeadbeef"><testcase classname="mechinfo" name="info.ulMaxKeySize != 0xdeadbeef"><testcase classname="mechinfo" name="info.flags != 0xdeadbeef"><testcase classname="mechinfo" name="info.ulMinKeySize == info.ulMaxKeySize"><testcase classname="mechinfo" name="C_GetMechanismInfo(slot, mechlist[i], &info)"><testcase classname="mechinfo" name="info.ulMinKeySize != 0xdeadbeef"><testcase classname="mechinfo" name="info.ulMaxKeySize != 0xdeadbeef"><testcase classname="mechinfo" name="info.flags != 0xdeadbeef"><testcase classname="mechinfo" name="info.ulMinKeySize == info.ulMaxKeySize"><testcase classname="mechinfo" name="C_GetMechanismInfo(slot, mechlist[i], &info)"><testcase classname="mechinfo" name="info.ulMinKeySize != 0xdeadbeef"><testcase classname="mechinfo" name="info.ulMaxKeySize != 0xdeadbeef"><testcase classname="mechinfo" name="info.flags != 0xdeadbeef"><testcase classname="mechinfo" name="info.ulMinKeySize == info.ulMaxKeySize"><testcase classname="mechinfo" name="C_GetMechanismInfo(slot, mechlist[i], &info)"><testcase classname="mechinfo" name="info.ulMinKeySize != 0xdeadbeef"><testcase classname="mechinfo" name="info.ulMaxKeySize != 0xdeadbeef"><testcase classname="mechinfo" name="info.flags != 0xdeadbeef"><testcase classname="mechinfo" name="C_GetMechanismInfo(slot, mechlist[i], &info)"><testcase classname="mechinfo" name="info.ulMinKeySize != 0xdeadbeef"><testcase classname="mechinfo" name="info.ulMaxKeySize != 0xdeadbeef"><testcase classname="mechinfo" name="info.flags != 0xdeadbeef"><testcase classname="mechinfo" name="C_GetMechanismInfo(slot, mechlist[i], &info)"><testcase classname="mechinfo" name="info.ulMinKeySize != 0xdeadbeef"><testcase classname="mechinfo" name="info.ulMaxKeySize != 0xdeadbeef"><testcase classname="mechinfo" name="info.flags != 0xdeadbeef"><testcase classname="mechinfo" name="C_GetMechanismInfo(slot, mechlist[i], &info)"><testcase classname="mechinfo" name="info.ulMinKeySize != 0xdeadbeef"><testcase classname="mechinfo" name="info.ulMaxKeySize != 0xdeadbeef"><testcase classname="mechinfo" name="info.flags != 0xdeadbeef"><testcase classname="mechinfo" name="info.flags & CKF_HW"><testcase classname="mechinfo" name="info.flags & CKF_SIGN"><testcase classname="mechinfo" name="(info.flags & ~CKF_HW & ~CKF_SIGN) == 0"><testcase classname="mechinfo" name="C_Finalize(0)"><testcase classname="sessions" name="C_OpenSession(slot, 0, 0, 0, &handle)"><testcase classname="sessions" name="C_Initialize(0)"><testcase classname="sessions" name="C_OpenSession(slot, 0x00000004UL, 0, 0, &handle)"><testcase classname="sessions" name="C_GetSlotList(0, 0, &count)"><testcase classname="sessions" name="C_GetSlotList(with_token, 0, &count)"><testcase classname="sessions" name="C_GetSlotList(with_token, list, &count)"><testcase classname="sessions" name="(count > 0 && list != NULL) || (count == 0 && list == NULL)"><testcase classname="sessions" name=""C_OpenSession""><testcase classname="sessions" name="C_OpenSession(slot, 0, 0, notify_session, &handle)"><testcase classname="sessions" name="C_OpenSession(slot, 0x00000004UL, 0, notify_session, &handle)"><testcase classname="sessions" name="C_CloseSession(handle)"><testcase classname="sessions" name="C_OpenSession(slot, 0x00000004UL | 0x00000002UL, 0, notify_session, &handle)"><testcase classname="sessions" name="C_CloseAllSessions(slot)"><testcase classname="sessions" name="C_Finalize(0)"><testcase classname="sessioninfo" name="C_Initialize(0)"><testcase classname="sessioninfo" name="C_GetSlotList(0, 0, &count)"><testcase classname="sessioninfo" name="C_GetSlotList(with_token, 0, &count)"><testcase classname="sessioninfo" name="C_GetSlotList(with_token, list, &count)"><testcase classname="sessioninfo" name="(count > 0 && list != NULL) || (count == 0 && list == NULL)"><testcase classname="sessioninfo" name=""C_OpenSession""><testcase classname="sessioninfo" name="C_OpenSession(slot, 0x00000004UL, 0, notify, &handle)"><testcase classname="sessioninfo" name="C_GetSessionInfo(handle, &info)"><testcase classname="sessioninfo" name="info.slotID == slot"><testcase classname="sessioninfo" name="!(info.flags & CKF_RW_SESSION)"><testcase classname="sessioninfo" name="C_CloseSession(handle)"><testcase classname="sessioninfo" name="C_OpenSession(slot, 0x00000004UL | 0x00000002UL, 0, notify, &handle)"><testcase classname="sessioninfo" name="C_GetSessionInfo(handle, &info)"><testcase classname="sessioninfo" name="info.slotID == slot"><testcase classname="sessioninfo" name="info.flags & CKF_RW_SESSION"><testcase classname="sessioninfo" name="C_CloseSession(handle)"><testcase classname="sessioninfo" name="C_Finalize(0)"><testcase classname="slogin" name="C_Login(handle, 1UL, 0, 0)"><testcase classname="slogin" name="C_Logout(handle)"><testcase classname="slogin" name="C_Initialize(0)"><testcase classname="slogin" name="C_GetSlotList(0, 0, &count)"><testcase classname="slogin" name="C_GetSlotList(with_token, 0, &count)"><testcase classname="slogin" name="C_GetSlotList(with_token, list, &count)"><testcase classname="slogin" name="(count > 0 && list != NULL) || (count == 0 && list == NULL)"><testcase classname="slogin" name=""C_OpenSession""><testcase classname="slogin" name="C_Logout(handle)"><testcase classname="slogin" name="C_OpenSession(slot, 0x00000004UL, 0, notify_login, &handle)"><testcase classname="slogin" name="C_GetSessionInfo(handle, &sinfo)"><testcase classname="slogin" name="C_Finalize(0)"><testcase classname="sbadlogin" name="C_Login(handle, 1UL, 0, 0)"><testcase classname="sbadlogin" name="C_Logout(handle)"><testcase classname="sbadlogin" name="C_Initialize(0)"><testcase classname="sbadlogin" name="C_GetSlotList(0, 0, &count)"><testcase classname="sbadlogin" name="C_GetSlotList(with_token, 0, &count)"><testcase classname="sbadlogin" name="C_GetSlotList(with_token, list, &count)"><testcase classname="sbadlogin" name="(count > 0 && list != NULL) || (count == 0 && list == NULL)"><testcase classname="sbadlogin" name=""C_OpenSession""><testcase classname="sbadlogin" name="C_Logout(handle)"><testcase classname="sbadlogin" name="C_OpenSession(slot, 0x00000004UL, 0, notify_login, &handle)"><testcase classname="sbadlogin" name="C_GetSessionInfo(handle, &sinfo)"><testcase classname="sbadlogin" name="C_Finalize(0)"><testcase classname="nonsensible" name="C_Initialize(0)"><testcase classname="nonsensible" name="C_InitToken(slot, (CK_UTF8CHAR_PTR)"1111", 4, (CK_UTF8CHAR_PTR)"")"><testcase classname="nonsensible" name="C_InitPIN(slot, (CK_UTF8CHAR_PTR)"1111", 4)"><testcase classname="nonsensible" name="C_CreateObject(session, 0, 0, &object)"><testcase classname="nonsensible" name="C_CopyObject(session, object, 0, 0, &object)"><testcase classname="nonsensible" name="C_DestroyObject(session, object)"><testcase classname="nonsensible" name="C_GetObjectSize(session, object, &data)"><testcase classname="nonsensible" name="C_EncryptInit(session, &mech, object)"><testcase classname="nonsensible" name="C_Encrypt(session, 0, 0, 0, &data)"><testcase classname="nonsensible" name="C_EncryptUpdate(session, 0, 0, 0, &data)"><testcase classname="nonsensible" name="C_EncryptFinal(session, 0, 0)"><testcase classname="nonsensible" name="C_DecryptInit(session, &mech, object)"><testcase classname="nonsensible" name="C_Decrypt(session, 0, 0, 0, &data)"><testcase classname="nonsensible" name="C_DecryptUpdate(session, 0, 0, 0, &data)"><testcase classname="nonsensible" name="C_DecryptFinal(session, 0, 0)"><testcase classname="nonsensible" name="C_DigestEncryptUpdate(session, 0, 0, 0, &data)"><testcase classname="nonsensible" name="C_DecryptDigestUpdate(session, 0, 0, 0, &data)"><testcase classname="nonsensible" name="C_SignEncryptUpdate(session, 0, 0, 0, &data)"><testcase classname="nonsensible" name="C_DecryptVerifyUpdate(session, 0, 0, 0, &data)"><testcase classname="nonsensible" name="C_GetOperationState(session, 0, &data)"><testcase classname="nonsensible" name="C_SetOperationState(session, 0, data, 0, 0)"><testcase classname="nonsensible" name="C_SetAttributeValue(session, object, &attr, 1)"><testcase classname="nonsensible" name="C_GenerateKey(session, &mech, &attr, 1, &object)"><testcase classname="nonsensible" name="C_GenerateKeyPair(session, &mech, &attr, 1, &attr, 1, &object, &object)"><testcase classname="nonsensible" name="C_WrapKey(session, &mech, object, object, 0, &data)"><testcase classname="nonsensible" name="C_UnwrapKey(session, &mech, object, 0, data, &attr, data, &object)"><testcase classname="nonsensible" name="C_DeriveKey(session, &mech, object, &attr, data, &object)"><testcase classname="nonsensible" name="C_SeedRandom(session, 0, data)"><testcase classname="nonsensible" name="C_GenerateRandom(session, 0, data)"><testcase classname="nonsensible" name="C_GetFunctionStatus(session)"><testcase classname="nonsensible" name="C_CancelFunction(session)"><testcase classname="nonsensible" name="C_DigestKey(session, object)"><testcase classname="nonsensible" name="C_SignRecoverInit(session, &mech, object)"><testcase classname="nonsensible" name="C_SignRecover(session, 0, data, 0, &data)"><testcase classname="nonsensible" name="C_VerifyInit(session, &mech, object)"><testcase classname="nonsensible" name="C_Verify(session, 0, data, 0, data)"><testcase classname="nonsensible" name="C_VerifyUpdate(session, 0, data)"><testcase classname="nonsensible" name="C_VerifyFinal(session, 0, data)"><testcase classname="nonsensible" name="C_VerifyRecoverInit(session, &mech, object)"><testcase classname="nonsensible" name="C_VerifyRecover(session, 0, data, 0, &data)"><testcase classname="nonsensible" name="C_Finalize(0)"><testcase classname="objects" name="C_Initialize(0)"><testcase classname="objects" name="C_GetSlotList(0, 0, &count)"><testcase classname="objects" name="C_GetSlotList(with_token, 0, &count)"><testcase classname="objects" name="C_GetSlotList(with_token, list, &count)"><testcase classname="objects" name="(count > 0 && list != NULL) || (count == 0 && list == NULL)"><testcase classname="objects" name="C_Finalize(0)"><testcase classname="readdata" name="C_Initialize(0)"><testcase classname="readdata" name="C_GetSlotList(0, 0, &count)"><testcase classname="readdata" name="C_GetSlotList(with_token, 0, &count)"><testcase classname="readdata" name="C_GetSlotList(with_token, list, &count)"><testcase classname="readdata" name="(count > 0 && list != NULL) || (count == 0 && list == NULL)"><testcase classname="readdata" name="C_Finalize(0)"><testcase classname="readdata_limited" name="C_Initialize(0)"><testcase classname="readdata_limited" name="C_GetSlotList(0, 0, &count)"><testcase classname="readdata_limited" name="C_GetSlotList(with_token, 0, &count)"><testcase classname="readdata_limited" name="C_GetSlotList(with_token, list, &count)"><testcase classname="readdata_limited" name="(count > 0 && list != NULL) || (count == 0 && list == NULL)"><testcase classname="readdata_limited" name="C_Finalize(0)"><testcase classname="readdata_sequence" name="C_Initialize(0)"><testcase classname="readdata_sequence" name="C_GetSlotList(0, 0, &count)"><testcase classname="readdata_sequence" name="C_GetSlotList(with_token, 0, &count)"><testcase classname="readdata_sequence" name="C_GetSlotList(with_token, list, &count)"><testcase classname="readdata_sequence" name="(count > 0 && list != NULL) || (count == 0 && list == NULL)"><testcase classname="readdata_sequence" name="C_Finalize(0)"><testcase classname="digest" name="C_Initialize(0)"><testcase classname="digest" name="C_GetSlotList(0, 0, &count)"><testcase classname="digest" name="C_GetSlotList(with_token, 0, &count)"><testcase classname="digest" name="C_GetSlotList(with_token, list, &count)"><testcase classname="digest" name="(count > 0 && list != NULL) || (count == 0 && list == NULL)"><testcase classname="digest" name="C_Finalize(0)"><testcase classname="ordering" name="C_DigestInit(session, &mech)"><testcase classname="ordering" name="C_Digest(session, data, sizeof(data), result, &len)"><testcase classname="ordering" name="C_DigestUpdate(session, data, sizeof(data))"><testcase classname="ordering" name="C_DigestFinal(session, result, &len)"><testcase classname="ordering" name="C_SignInit(session, &mech, obj)"><testcase classname="ordering" name="C_Sign(session, data, sizeof(data), result, &len)"><testcase classname="ordering" name="C_SignUpdate(session, data, sizeof(data))"><testcase classname="ordering" name="C_SignFinal(session, result, &len)"><testcase classname="ordering" name="C_FindObjectsInit(session, &attr, 1)"><testcase classname="ordering" name="C_FindObjects(session, &obj, 1, &len)"><testcase classname="ordering" name="C_GetAttributeValue(session, obj, &attr, 1)"><testcase classname="ordering" name="C_FindObjectsFinal(session)"><testcase classname="ordering" name="C_Initialize(0)"><testcase classname="ordering" name="C_DigestInit(session, &mech)"><testcase classname="ordering" name="C_Digest(session, data, sizeof(data), result, &len)"><testcase classname="ordering" name="C_DigestUpdate(session, data, sizeof(data))"><testcase classname="ordering" name="C_DigestFinal(session, result, &len)"><testcase classname="ordering" name="C_SignInit(session, &mech, obj)"><testcase classname="ordering" name="C_Sign(session, data, sizeof(data), result, &len)"><testcase classname="ordering" name="C_SignUpdate(session, data, sizeof(data))"><testcase classname="ordering" name="C_SignFinal(session, result, &len)"><testcase classname="ordering" name="C_FindObjectsInit(session, &attr, 1)"><testcase classname="ordering" name="C_FindObjects(session, &obj, 1, &len)"><testcase classname="ordering" name="C_GetAttributeValue(session, obj, &attr, 1)"><testcase classname="ordering" name="C_FindObjectsFinal(session)"><testcase classname="ordering" name="C_GetSlotList(0, 0, &count)"><testcase classname="ordering" name="C_GetSlotList(with_token, 0, &count)"><testcase classname="ordering" name="C_GetSlotList(with_token, list, &count)"><testcase classname="ordering" name="(count > 0 && list != NULL) || (count == 0 && list == NULL)"><testcase classname="ordering" name="C_Finalize(0)"><testcase classname="wrong_init" name="C_Initialize(&args)"><testcase classname="wrong_init" name="C_Initialize(&args)"><testcase classname="wrong_init" name="C_Finalize(0)"><testcase classname="wrong_init" name="C_Initialize(0)"><testcase classname="wrong_init" name="C_Finalize((CK_VOID_PTR)0xdeadbeaf)"><testcase classname="wrong_init" name="C_Finalize(0)"><testcase classname="wrong_init" name="C_Finalize(0)"></testsuite>